{"C:\\Users\\estev\\Documents\\Mundo DEV\\FIAP\\Modulo 2\\tech-challenge-fase2\\src\\app.ts": {"path":"C:\\Users\\estev\\Documents\\Mundo DEV\\FIAP\\Modulo 2\\tech-challenge-fase2\\src\\app.ts","statementMap":{"0":{"start":{"line":1,"column":0},"end":{"line":1,"column":47}},"1":{"start":{"line":2,"column":0},"end":{"line":2,"column":24}},"2":{"start":{"line":3,"column":0},"end":{"line":3,"column":37}},"3":{"start":{"line":4,"column":0},"end":{"line":4,"column":46}},"4":{"start":{"line":5,"column":0},"end":{"line":5,"column":46}},"5":{"start":{"line":6,"column":0},"end":{"line":6,"column":37}},"6":{"start":{"line":9,"column":25},"end":{"line":9,"column":34}},"7":{"start":{"line":11,"column":0},"end":{"line":11,"column":16}},"8":{"start":{"line":12,"column":0},"end":{"line":12,"column":27}},"9":{"start":{"line":14,"column":0},"end":{"line":14,"column":34}},"10":{"start":{"line":15,"column":0},"end":{"line":15,"column":34}},"11":{"start":{"line":17,"column":0},"end":{"line":23,"column":5}},"12":{"start":{"line":19,"column":4},"end":{"line":19,"column":60}},"13":{"start":{"line":22,"column":4},"end":{"line":22,"column":66}},"14":{"start":{"line":25,"column":0},"end":{"line":29,"column":3}},"15":{"start":{"line":26,"column":2},"end":{"line":28,"column":5}},"16":{"start":{"line":31,"column":0},"end":{"line":31,"column":19}}},"fnMap":{"0":{"name":"(anonymous_1)","decl":{"start":{"line":18,"column":8},"end":{"line":18,"column":11}},"loc":{"start":{"line":18,"column":13},"end":{"line":20,"column":3}}},"1":{"name":"(anonymous_2)","decl":{"start":{"line":21,"column":9},"end":{"line":21,"column":10}},"loc":{"start":{"line":21,"column":24},"end":{"line":23,"column":3}}},"2":{"name":"(anonymous_3)","decl":{"start":{"line":25,"column":8},"end":{"line":25,"column":9}},"loc":{"start":{"line":25,"column":94},"end":{"line":29,"column":1}}}},"branchMap":{"0":{"loc":{"start":{"line":26,"column":13},"end":{"line":26,"column":30}},"type":"binary-expr","locations":[{"start":{"line":26,"column":13},"end":{"line":26,"column":23}},{"start":{"line":26,"column":27},"end":{"line":26,"column":30}}]},"1":{"loc":{"start":{"line":27,"column":13},"end":{"line":27,"column":46}},"type":"binary-expr","locations":[{"start":{"line":27,"column":13},"end":{"line":27,"column":24}},{"start":{"line":27,"column":28},"end":{"line":27,"column":46}}]}},"s":{"0":3,"1":3,"2":3,"3":3,"4":3,"5":3,"6":3,"7":3,"8":3,"9":3,"10":3,"11":3,"12":3,"13":0,"14":3,"15":0,"16":3},"f":{"0":3,"1":0,"2":0},"b":{"0":[0,0],"1":[0,0]}}
,"C:\\Users\\estev\\Documents\\Mundo DEV\\FIAP\\Modulo 2\\tech-challenge-fase2\\src\\config\\db.ts": {"path":"C:\\Users\\estev\\Documents\\Mundo DEV\\FIAP\\Modulo 2\\tech-challenge-fase2\\src\\config\\db.ts","statementMap":{"0":{"start":{"line":1,"column":0},"end":{"line":1,"column":47}},"1":{"start":{"line":2,"column":0},"end":{"line":2,"column":28}},"2":{"start":{"line":3,"column":0},"end":{"line":3,"column":16}},"3":{"start":{"line":5,"column":12},"end":{"line":5,"column":49}},"4":{"start":{"line":7,"column":17},"end":{"line":7,"column":78}},"5":{"start":{"line":8,"column":17},"end":{"line":8,"column":46}},"6":{"start":{"line":9,"column":17},"end":{"line":9,"column":46}},"7":{"start":{"line":10,"column":13},"end":{"line":10,"column":73}},"8":{"start":{"line":11,"column":25},"end":{"line":11,"column":63}},"9":{"start":{"line":13,"column":18},"end":{"line":17,"column":2}},"10":{"start":{"line":19,"column":0},"end":{"line":19,"column":25}}},"fnMap":{},"branchMap":{"0":{"loc":{"start":{"line":5,"column":12},"end":{"line":5,"column":49}},"type":"binary-expr","locations":[{"start":{"line":5,"column":12},"end":{"line":5,"column":32}},{"start":{"line":5,"column":36},"end":{"line":5,"column":49}}]},"1":{"loc":{"start":{"line":7,"column":17},"end":{"line":7,"column":78}},"type":"cond-expr","locations":[{"start":{"line":7,"column":34},"end":{"line":7,"column":44}},{"start":{"line":7,"column":48},"end":{"line":7,"column":78}}]},"2":{"loc":{"start":{"line":10,"column":13},"end":{"line":10,"column":73}},"type":"cond-expr","locations":[{"start":{"line":10,"column":30},"end":{"line":10,"column":39}},{"start":{"line":10,"column":43},"end":{"line":10,"column":73}}]},"3":{"loc":{"start":{"line":11,"column":25},"end":{"line":11,"column":63}},"type":"cond-expr","locations":[{"start":{"line":11,"column":42},"end":{"line":11,"column":50}},{"start":{"line":11,"column":53},"end":{"line":11,"column":63}}]}},"s":{"0":3,"1":3,"2":3,"3":3,"4":3,"5":3,"6":3,"7":3,"8":3,"9":3,"10":3},"f":{},"b":{"0":[3,0],"1":[3,0],"2":[3,0],"3":[3,0]}}
,"C:\\Users\\estev\\Documents\\Mundo DEV\\FIAP\\Modulo 2\\tech-challenge-fase2\\src\\middleware\\auth.middleware.ts": {"path":"C:\\Users\\estev\\Documents\\Mundo DEV\\FIAP\\Modulo 2\\tech-challenge-fase2\\src\\middleware\\auth.middleware.ts","statementMap":{"0":{"start":{"line":1,"column":0},"end":{"line":1,"column":47}},"1":{"start":{"line":4,"column":30},"end":{"line":43,"column":1}},"2":{"start":{"line":5,"column":21},"end":{"line":5,"column":46}},"3":{"start":{"line":6,"column":16},"end":{"line":6,"column":54}},"4":{"start":{"line":9,"column":2},"end":{"line":12,"column":null}},"5":{"start":{"line":10,"column":4},"end":{"line":10,"column":39}},"6":{"start":{"line":11,"column":4},"end":{"line":11,"column":68}},"7":{"start":{"line":14,"column":2},"end":{"line":42,"column":null}},"8":{"start":{"line":16,"column":20},"end":{"line":16,"column":81}},"9":{"start":{"line":19,"column":4},"end":{"line":22,"column":null}},"10":{"start":{"line":20,"column":6},"end":{"line":20,"column":45}},"11":{"start":{"line":21,"column":6},"end":{"line":21,"column":65}},"12":{"start":{"line":25,"column":25},"end":{"line":25,"column":77}},"13":{"start":{"line":28,"column":4},"end":{"line":28,"column":28}},"14":{"start":{"line":30,"column":4},"end":{"line":30,"column":64}},"15":{"start":{"line":32,"column":4},"end":{"line":32,"column":11}},"16":{"start":{"line":35,"column":4},"end":{"line":41,"column":null}},"17":{"start":{"line":36,"column":6},"end":{"line":36,"column":63}},"18":{"start":{"line":37,"column":6},"end":{"line":37,"column":65}},"19":{"start":{"line":39,"column":6},"end":{"line":39,"column":68}},"20":{"start":{"line":40,"column":6},"end":{"line":40,"column":68}},"21":{"start":{"line":4,"column":13},"end":{"line":4,"column":30}}},"fnMap":{"0":{"name":"(anonymous_1)","decl":{"start":{"line":4,"column":30},"end":{"line":4,"column":31}},"loc":{"start":{"line":4,"column":82},"end":{"line":43,"column":1}}}},"branchMap":{"0":{"loc":{"start":{"line":6,"column":16},"end":{"line":6,"column":54}},"type":"binary-expr","locations":[{"start":{"line":6,"column":16},"end":{"line":6,"column":26}},{"start":{"line":6,"column":30},"end":{"line":6,"column":54}}]},"1":{"loc":{"start":{"line":9,"column":2},"end":{"line":12,"column":null}},"type":"if","locations":[{"start":{"line":9,"column":2},"end":{"line":12,"column":null}}]},"2":{"loc":{"start":{"line":16,"column":38},"end":{"line":16,"column":80}},"type":"binary-expr","locations":[{"start":{"line":16,"column":38},"end":{"line":16,"column":60}},{"start":{"line":16,"column":64},"end":{"line":16,"column":80}}]},"3":{"loc":{"start":{"line":19,"column":4},"end":{"line":22,"column":null}},"type":"if","locations":[{"start":{"line":19,"column":4},"end":{"line":22,"column":null}}]},"4":{"loc":{"start":{"line":35,"column":4},"end":{"line":41,"column":null}},"type":"if","locations":[{"start":{"line":35,"column":4},"end":{"line":41,"column":null}},{"start":{"line":38,"column":11},"end":{"line":41,"column":null}}]}},"s":{"0":3,"1":3,"2":16,"3":16,"4":16,"5":1,"6":1,"7":15,"8":15,"9":14,"10":0,"11":0,"12":14,"13":14,"14":14,"15":14,"16":1,"17":1,"18":1,"19":0,"20":0,"21":3},"f":{"0":16},"b":{"0":[16,15],"1":[1],"2":[15,0],"3":[0],"4":[1,0]}}
,"C:\\Users\\estev\\Documents\\Mundo DEV\\FIAP\\Modulo 2\\tech-challenge-fase2\\src\\models\\post.model.ts": {"path":"C:\\Users\\estev\\Documents\\Mundo DEV\\FIAP\\Modulo 2\\tech-challenge-fase2\\src\\models\\post.model.ts","statementMap":{"0":{"start":{"line":1,"column":0},"end":{"line":1,"column":55}},"1":{"start":{"line":2,"column":0},"end":{"line":2,"column":38}},"2":{"start":{"line":3,"column":0},"end":{"line":3,"column":32}},"3":{"start":{"line":20,"column":0},"end":{"line":20,"column":null}},"4":{"start":{"line":21,"column":2},"end":{"line":21,"column":null}},"5":{"start":{"line":22,"column":2},"end":{"line":22,"column":null}},"6":{"start":{"line":23,"column":2},"end":{"line":23,"column":null}},"7":{"start":{"line":24,"column":2},"end":{"line":24,"column":null}},"8":{"start":{"line":42,"column":0},"end":{"line":84,"column":3}},"9":{"start":{"line":77,"column":6},"end":{"line":77,"column":36}},"10":{"start":{"line":78,"column":6},"end":{"line":78,"column":35}},"11":{"start":{"line":81,"column":6},"end":{"line":81,"column":35}},"12":{"start":{"line":87,"column":0},"end":{"line":87,"column":62}},"13":{"start":{"line":88,"column":0},"end":{"line":88,"column":58}},"14":{"start":{"line":91,"column":0},"end":{"line":91,"column":20}}},"fnMap":{"0":{"name":"(anonymous_1)","decl":{"start":{"line":20,"column":0},"end":{"line":20,"column":5}},"loc":{"start":{"line":20,"column":10},"end":{"line":25,"column":1}}},"1":{"name":"(anonymous_2)","decl":{"start":{"line":76,"column":18},"end":{"line":76,"column":19}},"loc":{"start":{"line":76,"column":44},"end":{"line":79,"column":5}}},"2":{"name":"(anonymous_3)","decl":{"start":{"line":80,"column":18},"end":{"line":80,"column":19}},"loc":{"start":{"line":80,"column":44},"end":{"line":82,"column":5}}}},"branchMap":{"0":{"loc":{"start":{"line":20,"column":5},"end":{"line":20,"column":null}},"type":"binary-expr","locations":[{"start":{"line":20,"column":5},"end":{"line":20,"column":10}},{"start":{"line":20,"column":5},"end":{"line":20,"column":null}}]}},"s":{"0":3,"1":3,"2":3,"3":3,"4":3,"5":3,"6":3,"7":3,"8":3,"9":5,"10":5,"11":1,"12":3,"13":3,"14":3},"f":{"0":3,"1":5,"2":1},"b":{"0":[3,3]}}
,"C:\\Users\\estev\\Documents\\Mundo DEV\\FIAP\\Modulo 2\\tech-challenge-fase2\\src\\models\\user.model.ts": {"path":"C:\\Users\\estev\\Documents\\Mundo DEV\\FIAP\\Modulo 2\\tech-challenge-fase2\\src\\models\\user.model.ts","statementMap":{"0":{"start":{"line":1,"column":0},"end":{"line":1,"column":45}},"1":{"start":{"line":2,"column":0},"end":{"line":2,"column":37}},"2":{"start":{"line":32,"column":0},"end":{"line":82,"column":2}},"3":{"start":{"line":84,"column":0},"end":{"line":84,"column":null}},"4":{"start":{"line":85,"column":2},"end":{"line":85,"column":null}},"5":{"start":{"line":86,"column":2},"end":{"line":86,"column":null}},"6":{"start":{"line":89,"column":0},"end":{"line":89,"column":20}}},"fnMap":{"0":{"name":"(anonymous_1)","decl":{"start":{"line":84,"column":0},"end":{"line":84,"column":12}},"loc":{"start":{"line":84,"column":16},"end":{"line":87,"column":1}}}},"branchMap":{"0":{"loc":{"start":{"line":84,"column":12},"end":{"line":84,"column":null}},"type":"binary-expr","locations":[{"start":{"line":84,"column":12},"end":{"line":84,"column":16}},{"start":{"line":84,"column":12},"end":{"line":84,"column":null}}]}},"s":{"0":3,"1":3,"2":3,"3":3,"4":3,"5":3,"6":3},"f":{"0":3},"b":{"0":[3,3]}}
,"C:\\Users\\estev\\Documents\\Mundo DEV\\FIAP\\Modulo 2\\tech-challenge-fase2\\src\\routes\\post.routes.ts": {"path":"C:\\Users\\estev\\Documents\\Mundo DEV\\FIAP\\Modulo 2\\tech-challenge-fase2\\src\\routes\\post.routes.ts","statementMap":{"0":{"start":{"line":1,"column":0},"end":{"line":1,"column":61}},"1":{"start":{"line":2,"column":0},"end":{"line":2,"column":40}},"2":{"start":{"line":3,"column":0},"end":{"line":3,"column":40}},"3":{"start":{"line":4,"column":0},"end":{"line":4,"column":31}},"4":{"start":{"line":5,"column":0},"end":{"line":5,"column":63}},"5":{"start":{"line":6,"column":0},"end":{"line":6,"column":44}},"6":{"start":{"line":8,"column":15},"end":{"line":8,"column":23}},"7":{"start":{"line":11,"column":20},"end":{"line":17,"column":1}},"8":{"start":{"line":12,"column":2},"end":{"line":15,"column":null}},"9":{"start":{"line":13,"column":4},"end":{"line":13,"column":58}},"10":{"start":{"line":14,"column":4},"end":{"line":14,"column":111}},"11":{"start":{"line":16,"column":2},"end":{"line":16,"column":9}},"12":{"start":{"line":20,"column":0},"end":{"line":48,"column":3}},"13":{"start":{"line":20,"column":90},"end":{"line":48,"column":2}},"14":{"start":{"line":21,"column":2},"end":{"line":47,"column":null}},"15":{"start":{"line":22,"column":44},"end":{"line":22,"column":52}},"16":{"start":{"line":23,"column":19},"end":{"line":23,"column":31}},"17":{"start":{"line":25,"column":4},"end":{"line":27,"column":null}},"18":{"start":{"line":26,"column":6},"end":{"line":26,"column":75}},"19":{"start":{"line":30,"column":17},"end":{"line":35,"column":6}},"20":{"start":{"line":38,"column":4},"end":{"line":38,"column":31}},"21":{"start":{"line":39,"column":4},"end":{"line":39,"column":11}},"22":{"start":{"line":41,"column":4},"end":{"line":46,"column":null}},"23":{"start":{"line":42,"column":6},"end":{"line":42,"column":52}},"24":{"start":{"line":43,"column":6},"end":{"line":43,"column":79}},"25":{"start":{"line":45,"column":6},"end":{"line":45,"column":85}},"26":{"start":{"line":51,"column":0},"end":{"line":76,"column":3}},"27":{"start":{"line":51,"column":91},"end":{"line":76,"column":2}},"28":{"start":{"line":52,"column":2},"end":{"line":75,"column":null}},"29":{"start":{"line":53,"column":19},"end":{"line":53,"column":29}},"30":{"start":{"line":54,"column":44},"end":{"line":54,"column":52}},"31":{"start":{"line":55,"column":19},"end":{"line":55,"column":30}},"32":{"start":{"line":58,"column":17},"end":{"line":58,"column":62}},"33":{"start":{"line":59,"column":4},"end":{"line":62,"column":null}},"34":{"start":{"line":60,"column":6},"end":{"line":60,"column":70}},"35":{"start":{"line":61,"column":6},"end":{"line":61,"column":111}},"36":{"start":{"line":65,"column":4},"end":{"line":65,"column":37}},"37":{"start":{"line":66,"column":4},"end":{"line":66,"column":55}},"38":{"start":{"line":67,"column":4},"end":{"line":67,"column":43}},"39":{"start":{"line":68,"column":4},"end":{"line":68,"column":22}},"40":{"start":{"line":70,"column":4},"end":{"line":70,"column":51}},"41":{"start":{"line":71,"column":4},"end":{"line":71,"column":38}},"42":{"start":{"line":73,"column":4},"end":{"line":73,"column":51}},"43":{"start":{"line":74,"column":4},"end":{"line":74,"column":78}},"44":{"start":{"line":79,"column":0},"end":{"line":95,"column":3}},"45":{"start":{"line":79,"column":70},"end":{"line":95,"column":2}},"46":{"start":{"line":80,"column":2},"end":{"line":94,"column":null}},"47":{"start":{"line":81,"column":18},"end":{"line":87,"column":6}},"48":{"start":{"line":89,"column":4},"end":{"line":89,"column":45}},"49":{"start":{"line":90,"column":4},"end":{"line":90,"column":39}},"50":{"start":{"line":92,"column":4},"end":{"line":92,"column":53}},"51":{"start":{"line":93,"column":4},"end":{"line":93,"column":80}},"52":{"start":{"line":98,"column":0},"end":{"line":118,"column":3}},"53":{"start":{"line":98,"column":73},"end":{"line":118,"column":2}},"54":{"start":{"line":99,"column":17},"end":{"line":99,"column":27}},"55":{"start":{"line":101,"column":2},"end":{"line":117,"column":null}},"56":{"start":{"line":102,"column":17},"end":{"line":105,"column":6}},"57":{"start":{"line":107,"column":4},"end":{"line":110,"column":null}},"58":{"start":{"line":108,"column":6},"end":{"line":108,"column":45}},"59":{"start":{"line":109,"column":6},"end":{"line":109,"column":75}},"60":{"start":{"line":112,"column":4},"end":{"line":112,"column":46}},"61":{"start":{"line":113,"column":4},"end":{"line":113,"column":38}},"62":{"start":{"line":115,"column":4},"end":{"line":115,"column":55}},"63":{"start":{"line":116,"column":4},"end":{"line":116,"column":82}},"64":{"start":{"line":121,"column":0},"end":{"line":146,"column":3}},"65":{"start":{"line":121,"column":83},"end":{"line":146,"column":2}},"66":{"start":{"line":122,"column":20},"end":{"line":122,"column":30}},"67":{"start":{"line":124,"column":2},"end":{"line":145,"column":null}},"68":{"start":{"line":125,"column":18},"end":{"line":133,"column":6}},"69":{"start":{"line":135,"column":4},"end":{"line":138,"column":null}},"70":{"start":{"line":136,"column":6},"end":{"line":136,"column":71}},"71":{"start":{"line":137,"column":6},"end":{"line":137,"column":101}},"72":{"start":{"line":140,"column":4},"end":{"line":140,"column":49}},"73":{"start":{"line":141,"column":4},"end":{"line":141,"column":39}},"74":{"start":{"line":143,"column":4},"end":{"line":143,"column":57}},"75":{"start":{"line":144,"column":4},"end":{"line":144,"column":84}},"76":{"start":{"line":148,"column":0},"end":{"line":166,"column":3}},"77":{"start":{"line":148,"column":96},"end":{"line":166,"column":2}},"78":{"start":{"line":149,"column":17},"end":{"line":149,"column":27}},"79":{"start":{"line":150,"column":17},"end":{"line":150,"column":28}},"80":{"start":{"line":152,"column":2},"end":{"line":165,"column":null}},"81":{"start":{"line":153,"column":17},"end":{"line":153,"column":62}},"82":{"start":{"line":154,"column":4},"end":{"line":157,"column":null}},"83":{"start":{"line":155,"column":6},"end":{"line":155,"column":72}},"84":{"start":{"line":156,"column":6},"end":{"line":156,"column":112}},"85":{"start":{"line":159,"column":4},"end":{"line":159,"column":25}},"86":{"start":{"line":160,"column":4},"end":{"line":160,"column":45}},"87":{"start":{"line":161,"column":4},"end":{"line":161,"column":79}},"88":{"start":{"line":163,"column":4},"end":{"line":163,"column":56}},"89":{"start":{"line":164,"column":4},"end":{"line":164,"column":83}},"90":{"start":{"line":168,"column":0},"end":{"line":168,"column":22}}},"fnMap":{"0":{"name":"(anonymous_8)","decl":{"start":{"line":11,"column":20},"end":{"line":11,"column":21}},"loc":{"start":{"line":11,"column":68},"end":{"line":17,"column":1}}},"1":{"name":"(anonymous_9)","decl":{"start":{"line":20,"column":52},"end":{"line":20,"column":59}},"loc":{"start":{"line":20,"column":90},"end":{"line":48,"column":2}}},"2":{"name":"(anonymous_10)","decl":{"start":{"line":20,"column":90},"end":{"line":20,"column":null}},"loc":{"start":{"line":20,"column":90},"end":{"line":48,"column":1}}},"3":{"name":"(anonymous_11)","decl":{"start":{"line":51,"column":53},"end":{"line":51,"column":60}},"loc":{"start":{"line":51,"column":91},"end":{"line":76,"column":2}}},"4":{"name":"(anonymous_12)","decl":{"start":{"line":51,"column":91},"end":{"line":51,"column":null}},"loc":{"start":{"line":51,"column":91},"end":{"line":76,"column":1}}},"5":{"name":"(anonymous_13)","decl":{"start":{"line":79,"column":32},"end":{"line":79,"column":39}},"loc":{"start":{"line":79,"column":70},"end":{"line":95,"column":2}}},"6":{"name":"(anonymous_14)","decl":{"start":{"line":79,"column":70},"end":{"line":79,"column":null}},"loc":{"start":{"line":79,"column":70},"end":{"line":95,"column":1}}},"7":{"name":"(anonymous_15)","decl":{"start":{"line":98,"column":35},"end":{"line":98,"column":42}},"loc":{"start":{"line":98,"column":73},"end":{"line":118,"column":2}}},"8":{"name":"(anonymous_16)","decl":{"start":{"line":98,"column":73},"end":{"line":98,"column":null}},"loc":{"start":{"line":98,"column":73},"end":{"line":118,"column":1}}},"9":{"name":"(anonymous_17)","decl":{"start":{"line":121,"column":45},"end":{"line":121,"column":52}},"loc":{"start":{"line":121,"column":83},"end":{"line":146,"column":2}}},"10":{"name":"(anonymous_18)","decl":{"start":{"line":121,"column":83},"end":{"line":121,"column":null}},"loc":{"start":{"line":121,"column":83},"end":{"line":146,"column":1}}},"11":{"name":"(anonymous_19)","decl":{"start":{"line":148,"column":58},"end":{"line":148,"column":65}},"loc":{"start":{"line":148,"column":96},"end":{"line":166,"column":2}}},"12":{"name":"(anonymous_20)","decl":{"start":{"line":148,"column":96},"end":{"line":148,"column":null}},"loc":{"start":{"line":148,"column":96},"end":{"line":166,"column":1}}}},"branchMap":{"0":{"loc":{"start":{"line":12,"column":2},"end":{"line":15,"column":null}},"type":"if","locations":[{"start":{"line":12,"column":2},"end":{"line":15,"column":null}}]},"1":{"loc":{"start":{"line":12,"column":6},"end":{"line":12,"column":51}},"type":"binary-expr","locations":[{"start":{"line":12,"column":6},"end":{"line":12,"column":15}},{"start":{"line":12,"column":19},"end":{"line":12,"column":51}}]},"2":{"loc":{"start":{"line":23,"column":19},"end":{"line":23,"column":31}},"type":"cond-expr","locations":[{"start":{"line":23,"column":27},"end":{"line":23,"column":29}},{"start":{"line":23,"column":27},"end":{"line":23,"column":31}}]},"3":{"loc":{"start":{"line":23,"column":19},"end":{"line":23,"column":29}},"type":"binary-expr","locations":[{"start":{"line":23,"column":19},"end":{"line":23,"column":29}},{"start":{"line":23,"column":27},"end":{"line":23,"column":29}}]},"4":{"loc":{"start":{"line":25,"column":4},"end":{"line":27,"column":null}},"type":"if","locations":[{"start":{"line":25,"column":4},"end":{"line":27,"column":null}}]},"5":{"loc":{"start":{"line":41,"column":4},"end":{"line":46,"column":null}},"type":"if","locations":[{"start":{"line":41,"column":4},"end":{"line":46,"column":null}},{"start":{"line":44,"column":11},"end":{"line":46,"column":null}}]},"6":{"loc":{"start":{"line":59,"column":4},"end":{"line":62,"column":null}},"type":"if","locations":[{"start":{"line":59,"column":4},"end":{"line":62,"column":null}}]},"7":{"loc":{"start":{"line":65,"column":17},"end":{"line":65,"column":36}},"type":"binary-expr","locations":[{"start":{"line":65,"column":17},"end":{"line":65,"column":22}},{"start":{"line":65,"column":26},"end":{"line":65,"column":36}}]},"8":{"loc":{"start":{"line":66,"column":23},"end":{"line":66,"column":54}},"type":"binary-expr","locations":[{"start":{"line":66,"column":23},"end":{"line":66,"column":34}},{"start":{"line":66,"column":38},"end":{"line":66,"column":54}}]},"9":{"loc":{"start":{"line":67,"column":19},"end":{"line":67,"column":42}},"type":"binary-expr","locations":[{"start":{"line":67,"column":19},"end":{"line":67,"column":26}},{"start":{"line":67,"column":30},"end":{"line":67,"column":42}}]},"10":{"loc":{"start":{"line":107,"column":4},"end":{"line":110,"column":null}},"type":"if","locations":[{"start":{"line":107,"column":4},"end":{"line":110,"column":null}}]},"11":{"loc":{"start":{"line":135,"column":4},"end":{"line":138,"column":null}},"type":"if","locations":[{"start":{"line":135,"column":4},"end":{"line":138,"column":null}}]},"12":{"loc":{"start":{"line":154,"column":4},"end":{"line":157,"column":null}},"type":"if","locations":[{"start":{"line":154,"column":4},"end":{"line":157,"column":null}}]}},"s":{"0":3,"1":3,"2":3,"3":3,"4":3,"5":3,"6":3,"7":3,"8":7,"9":0,"10":0,"11":7,"12":3,"13":5,"14":5,"15":5,"16":5,"17":5,"18":0,"19":5,"20":5,"21":5,"22":0,"23":0,"24":0,"25":0,"26":3,"27":1,"28":1,"29":1,"30":1,"31":1,"32":1,"33":1,"34":0,"35":0,"36":1,"37":1,"38":1,"39":1,"40":1,"41":1,"42":0,"43":0,"44":3,"45":2,"46":2,"47":2,"48":2,"49":2,"50":0,"51":0,"52":3,"53":1,"54":1,"55":1,"56":1,"57":1,"58":0,"59":0,"60":1,"61":1,"62":0,"63":0,"64":3,"65":1,"66":1,"67":1,"68":1,"69":1,"70":0,"71":0,"72":1,"73":1,"74":0,"75":0,"76":3,"77":1,"78":1,"79":1,"80":1,"81":1,"82":1,"83":0,"84":0,"85":1,"86":1,"87":1,"88":0,"89":0,"90":3},"f":{"0":7,"1":5,"2":5,"3":1,"4":1,"5":2,"6":2,"7":1,"8":1,"9":1,"10":1,"11":1,"12":1},"b":{"0":[0],"1":[7,7],"2":[0,5],"3":[5,5],"4":[0],"5":[0,0],"6":[0],"7":[1,0],"8":[1,0],"9":[1,1],"10":[0],"11":[0],"12":[0]}}
,"C:\\Users\\estev\\Documents\\Mundo DEV\\FIAP\\Modulo 2\\tech-challenge-fase2\\src\\routes\\user.routes.ts": {"path":"C:\\Users\\estev\\Documents\\Mundo DEV\\FIAP\\Modulo 2\\tech-challenge-fase2\\src\\routes\\user.routes.ts","statementMap":{"0":{"start":{"line":1,"column":0},"end":{"line":1,"column":52}},"1":{"start":{"line":2,"column":0},"end":{"line":2,"column":30}},"2":{"start":{"line":3,"column":0},"end":{"line":3,"column":31}},"3":{"start":{"line":4,"column":0},"end":{"line":4,"column":40}},"4":{"start":{"line":5,"column":0},"end":{"line":5,"column":63}},"5":{"start":{"line":7,"column":15},"end":{"line":7,"column":23}},"6":{"start":{"line":9,"column":0},"end":{"line":43,"column":3}},"7":{"start":{"line":9,"column":63},"end":{"line":43,"column":2}},"8":{"start":{"line":10,"column":65},"end":{"line":10,"column":73}},"9":{"start":{"line":12,"column":2},"end":{"line":14,"column":null}},"10":{"start":{"line":13,"column":4},"end":{"line":13,"column":77}},"11":{"start":{"line":15,"column":2},"end":{"line":15,"column":44}},"12":{"start":{"line":16,"column":2},"end":{"line":42,"column":null}},"13":{"start":{"line":17,"column":15},"end":{"line":17,"column":55}},"14":{"start":{"line":18,"column":4},"end":{"line":20,"column":null}},"15":{"start":{"line":19,"column":6},"end":{"line":19,"column":73}},"16":{"start":{"line":22,"column":4},"end":{"line":29,"column":7}},"17":{"start":{"line":31,"column":18},"end":{"line":34,"column":null}},"18":{"start":{"line":38,"column":4},"end":{"line":38,"column":36}},"19":{"start":{"line":40,"column":4},"end":{"line":40,"column":55}},"20":{"start":{"line":41,"column":4},"end":{"line":41,"column":76}},"21":{"start":{"line":46,"column":0},"end":{"line":76,"column":3}},"22":{"start":{"line":46,"column":60},"end":{"line":76,"column":2}},"23":{"start":{"line":47,"column":30},"end":{"line":47,"column":38}},"24":{"start":{"line":49,"column":2},"end":{"line":51,"column":null}},"25":{"start":{"line":50,"column":4},"end":{"line":50,"column":77}},"26":{"start":{"line":53,"column":2},"end":{"line":75,"column":null}},"27":{"start":{"line":54,"column":17},"end":{"line":54,"column":57}},"28":{"start":{"line":55,"column":4},"end":{"line":57,"column":null}},"29":{"start":{"line":56,"column":6},"end":{"line":56,"column":73}},"30":{"start":{"line":59,"column":20},"end":{"line":59,"column":65}},"31":{"start":{"line":60,"column":4},"end":{"line":62,"column":null}},"32":{"start":{"line":61,"column":6},"end":{"line":61,"column":73}},"33":{"start":{"line":64,"column":18},"end":{"line":67,"column":null}},"34":{"start":{"line":71,"column":4},"end":{"line":71,"column":36}},"35":{"start":{"line":73,"column":4},"end":{"line":73,"column":49}},"36":{"start":{"line":74,"column":4},"end":{"line":74,"column":68}},"37":{"start":{"line":79,"column":0},"end":{"line":86,"column":3}},"38":{"start":{"line":79,"column":70},"end":{"line":86,"column":2}},"39":{"start":{"line":80,"column":2},"end":{"line":85,"column":null}},"40":{"start":{"line":81,"column":18},"end":{"line":81,"column":38}},"41":{"start":{"line":82,"column":4},"end":{"line":82,"column":32}},"42":{"start":{"line":84,"column":4},"end":{"line":84,"column":72}},"43":{"start":{"line":89,"column":0},"end":{"line":101,"column":3}},"44":{"start":{"line":89,"column":73},"end":{"line":101,"column":2}},"45":{"start":{"line":90,"column":17},"end":{"line":90,"column":27}},"46":{"start":{"line":92,"column":2},"end":{"line":100,"column":null}},"47":{"start":{"line":93,"column":17},"end":{"line":93,"column":54}},"48":{"start":{"line":94,"column":4},"end":{"line":96,"column":null}},"49":{"start":{"line":95,"column":6},"end":{"line":95,"column":74}},"50":{"start":{"line":97,"column":4},"end":{"line":97,"column":31}},"51":{"start":{"line":99,"column":4},"end":{"line":99,"column":73}},"52":{"start":{"line":104,"column":0},"end":{"line":126,"column":3}},"53":{"start":{"line":104,"column":73},"end":{"line":126,"column":2}},"54":{"start":{"line":105,"column":17},"end":{"line":105,"column":27}},"55":{"start":{"line":106,"column":66},"end":{"line":106,"column":74}},"56":{"start":{"line":108,"column":2},"end":{"line":125,"column":null}},"57":{"start":{"line":109,"column":15},"end":{"line":109,"column":52}},"58":{"start":{"line":110,"column":4},"end":{"line":112,"column":null}},"59":{"start":{"line":111,"column":6},"end":{"line":111,"column":74}},"60":{"start":{"line":114,"column":4},"end":{"line":114,"column":34}},"61":{"start":{"line":115,"column":4},"end":{"line":115,"column":46}},"62":{"start":{"line":116,"column":4},"end":{"line":116,"column":37}},"63":{"start":{"line":117,"column":4},"end":{"line":117,"column":55}},"64":{"start":{"line":118,"column":4},"end":{"line":118,"column":74}},"65":{"start":{"line":119,"column":4},"end":{"line":119,"column":34}},"66":{"start":{"line":121,"column":4},"end":{"line":121,"column":22}},"67":{"start":{"line":122,"column":4},"end":{"line":122,"column":31}},"68":{"start":{"line":124,"column":4},"end":{"line":124,"column":76}},"69":{"start":{"line":129,"column":0},"end":{"line":143,"column":3}},"70":{"start":{"line":129,"column":76},"end":{"line":143,"column":2}},"71":{"start":{"line":130,"column":17},"end":{"line":130,"column":27}},"72":{"start":{"line":132,"column":2},"end":{"line":142,"column":null}},"73":{"start":{"line":133,"column":17},"end":{"line":133,"column":54}},"74":{"start":{"line":134,"column":4},"end":{"line":136,"column":null}},"75":{"start":{"line":135,"column":6},"end":{"line":135,"column":74}},"76":{"start":{"line":138,"column":4},"end":{"line":138,"column":25}},"77":{"start":{"line":139,"column":4},"end":{"line":139,"column":71}},"78":{"start":{"line":141,"column":4},"end":{"line":141,"column":74}},"79":{"start":{"line":145,"column":0},"end":{"line":145,"column":22}}},"fnMap":{"0":{"name":"(anonymous_8)","decl":{"start":{"line":9,"column":25},"end":{"line":9,"column":32}},"loc":{"start":{"line":9,"column":63},"end":{"line":43,"column":2}}},"1":{"name":"(anonymous_9)","decl":{"start":{"line":9,"column":63},"end":{"line":9,"column":null}},"loc":{"start":{"line":9,"column":63},"end":{"line":43,"column":1}}},"2":{"name":"(anonymous_10)","decl":{"start":{"line":46,"column":22},"end":{"line":46,"column":29}},"loc":{"start":{"line":46,"column":60},"end":{"line":76,"column":2}}},"3":{"name":"(anonymous_11)","decl":{"start":{"line":46,"column":60},"end":{"line":46,"column":null}},"loc":{"start":{"line":46,"column":60},"end":{"line":76,"column":1}}},"4":{"name":"(anonymous_12)","decl":{"start":{"line":79,"column":32},"end":{"line":79,"column":39}},"loc":{"start":{"line":79,"column":70},"end":{"line":86,"column":2}}},"5":{"name":"(anonymous_13)","decl":{"start":{"line":79,"column":70},"end":{"line":79,"column":null}},"loc":{"start":{"line":79,"column":70},"end":{"line":86,"column":1}}},"6":{"name":"(anonymous_14)","decl":{"start":{"line":89,"column":35},"end":{"line":89,"column":42}},"loc":{"start":{"line":89,"column":73},"end":{"line":101,"column":2}}},"7":{"name":"(anonymous_15)","decl":{"start":{"line":89,"column":73},"end":{"line":89,"column":null}},"loc":{"start":{"line":89,"column":73},"end":{"line":101,"column":1}}},"8":{"name":"(anonymous_16)","decl":{"start":{"line":104,"column":35},"end":{"line":104,"column":42}},"loc":{"start":{"line":104,"column":73},"end":{"line":126,"column":2}}},"9":{"name":"(anonymous_17)","decl":{"start":{"line":104,"column":73},"end":{"line":104,"column":null}},"loc":{"start":{"line":104,"column":73},"end":{"line":126,"column":1}}},"10":{"name":"(anonymous_18)","decl":{"start":{"line":129,"column":38},"end":{"line":129,"column":45}},"loc":{"start":{"line":129,"column":76},"end":{"line":143,"column":2}}},"11":{"name":"(anonymous_19)","decl":{"start":{"line":129,"column":76},"end":{"line":129,"column":null}},"loc":{"start":{"line":129,"column":76},"end":{"line":143,"column":1}}}},"branchMap":{"0":{"loc":{"start":{"line":12,"column":2},"end":{"line":14,"column":null}},"type":"if","locations":[{"start":{"line":12,"column":2},"end":{"line":14,"column":null}}]},"1":{"loc":{"start":{"line":12,"column":6},"end":{"line":12,"column":56}},"type":"binary-expr","locations":[{"start":{"line":12,"column":6},"end":{"line":12,"column":11}},{"start":{"line":12,"column":15},"end":{"line":12,"column":24}},{"start":{"line":12,"column":28},"end":{"line":12,"column":37}},{"start":{"line":12,"column":41},"end":{"line":12,"column":47}},{"start":{"line":12,"column":51},"end":{"line":12,"column":56}}]},"2":{"loc":{"start":{"line":18,"column":4},"end":{"line":20,"column":null}},"type":"if","locations":[{"start":{"line":18,"column":4},"end":{"line":20,"column":null}}]},"3":{"loc":{"start":{"line":33,"column":6},"end":{"line":33,"column":43}},"type":"binary-expr","locations":[{"start":{"line":33,"column":6},"end":{"line":33,"column":28}},{"start":{"line":33,"column":32},"end":{"line":33,"column":43}}]},"4":{"loc":{"start":{"line":49,"column":2},"end":{"line":51,"column":null}},"type":"if","locations":[{"start":{"line":49,"column":2},"end":{"line":51,"column":null}}]},"5":{"loc":{"start":{"line":49,"column":6},"end":{"line":49,"column":25}},"type":"binary-expr","locations":[{"start":{"line":49,"column":6},"end":{"line":49,"column":12}},{"start":{"line":49,"column":16},"end":{"line":49,"column":25}}]},"6":{"loc":{"start":{"line":55,"column":4},"end":{"line":57,"column":null}},"type":"if","locations":[{"start":{"line":55,"column":4},"end":{"line":57,"column":null}}]},"7":{"loc":{"start":{"line":60,"column":4},"end":{"line":62,"column":null}},"type":"if","locations":[{"start":{"line":60,"column":4},"end":{"line":62,"column":null}}]},"8":{"loc":{"start":{"line":66,"column":6},"end":{"line":66,"column":43}},"type":"binary-expr","locations":[{"start":{"line":66,"column":6},"end":{"line":66,"column":28}},{"start":{"line":66,"column":32},"end":{"line":66,"column":43}}]},"9":{"loc":{"start":{"line":94,"column":4},"end":{"line":96,"column":null}},"type":"if","locations":[{"start":{"line":94,"column":4},"end":{"line":96,"column":null}}]},"10":{"loc":{"start":{"line":110,"column":4},"end":{"line":112,"column":null}},"type":"if","locations":[{"start":{"line":110,"column":4},"end":{"line":112,"column":null}}]},"11":{"loc":{"start":{"line":114,"column":16},"end":{"line":114,"column":33}},"type":"binary-expr","locations":[{"start":{"line":114,"column":16},"end":{"line":114,"column":20}},{"start":{"line":114,"column":24},"end":{"line":114,"column":33}}]},"12":{"loc":{"start":{"line":115,"column":20},"end":{"line":115,"column":45}},"type":"binary-expr","locations":[{"start":{"line":115,"column":20},"end":{"line":115,"column":28}},{"start":{"line":115,"column":32},"end":{"line":115,"column":45}}]},"13":{"loc":{"start":{"line":116,"column":17},"end":{"line":116,"column":36}},"type":"binary-expr","locations":[{"start":{"line":116,"column":17},"end":{"line":116,"column":22}},{"start":{"line":116,"column":26},"end":{"line":116,"column":36}}]},"14":{"loc":{"start":{"line":117,"column":23},"end":{"line":117,"column":54}},"type":"binary-expr","locations":[{"start":{"line":117,"column":23},"end":{"line":117,"column":34}},{"start":{"line":117,"column":38},"end":{"line":117,"column":54}}]},"15":{"loc":{"start":{"line":118,"column":21},"end":{"line":118,"column":73}},"type":"cond-expr","locations":[{"start":{"line":118,"column":47},"end":{"line":118,"column":56}},{"start":{"line":118,"column":59},"end":{"line":118,"column":73}}]},"16":{"loc":{"start":{"line":119,"column":16},"end":{"line":119,"column":33}},"type":"binary-expr","locations":[{"start":{"line":119,"column":16},"end":{"line":119,"column":20}},{"start":{"line":119,"column":24},"end":{"line":119,"column":33}}]},"17":{"loc":{"start":{"line":134,"column":4},"end":{"line":136,"column":null}},"type":"if","locations":[{"start":{"line":134,"column":4},"end":{"line":136,"column":null}}]}},"s":{"0":3,"1":3,"2":3,"3":3,"4":3,"5":3,"6":3,"7":2,"8":2,"9":2,"10":0,"11":2,"12":2,"13":2,"14":2,"15":0,"16":2,"17":2,"18":2,"19":0,"20":0,"21":3,"22":2,"23":2,"24":2,"25":0,"26":2,"27":2,"28":2,"29":0,"30":2,"31":2,"32":0,"33":2,"34":2,"35":0,"36":0,"37":3,"38":1,"39":1,"40":1,"41":1,"42":0,"43":3,"44":2,"45":2,"46":2,"47":2,"48":2,"49":1,"50":1,"51":0,"52":3,"53":0,"54":0,"55":0,"56":0,"57":0,"58":0,"59":0,"60":0,"61":0,"62":0,"63":0,"64":0,"65":0,"66":0,"67":0,"68":0,"69":3,"70":0,"71":0,"72":0,"73":0,"74":0,"75":0,"76":0,"77":0,"78":0,"79":3},"f":{"0":2,"1":2,"2":2,"3":2,"4":1,"5":1,"6":2,"7":2,"8":0,"9":0,"10":0,"11":0},"b":{"0":[0],"1":[2,2,2,2,2],"2":[0],"3":[2,0],"4":[0],"5":[2,2],"6":[0],"7":[0],"8":[2,0],"9":[1],"10":[0],"11":[0,0],"12":[0,0],"13":[0,0],"14":[0,0],"15":[0,0],"16":[0,0],"17":[0]}}
}
