{"C:\\Users\\estev\\Documents\\Mundo DEV\\FIAP\\Modulo 2\\tech-challenge-fase2\\src\\app.ts": {"path":"C:\\Users\\estev\\Documents\\Mundo DEV\\FIAP\\Modulo 2\\tech-challenge-fase2\\src\\app.ts","statementMap":{"0":{"start":{"line":1,"column":0},"end":{"line":1,"column":47}},"1":{"start":{"line":2,"column":0},"end":{"line":2,"column":24}},"2":{"start":{"line":3,"column":0},"end":{"line":3,"column":37}},"3":{"start":{"line":4,"column":0},"end":{"line":4,"column":46}},"4":{"start":{"line":5,"column":0},"end":{"line":5,"column":46}},"5":{"start":{"line":6,"column":0},"end":{"line":6,"column":40}},"6":{"start":{"line":10,"column":25},"end":{"line":10,"column":34}},"7":{"start":{"line":13,"column":0},"end":{"line":13,"column":16}},"8":{"start":{"line":14,"column":0},"end":{"line":14,"column":27}},"9":{"start":{"line":17,"column":0},"end":{"line":17,"column":34}},"10":{"start":{"line":18,"column":0},"end":{"line":18,"column":34}},"11":{"start":{"line":21,"column":0},"end":{"line":27,"column":5}},"12":{"start":{"line":23,"column":4},"end":{"line":23,"column":60}},"13":{"start":{"line":26,"column":4},"end":{"line":26,"column":66}},"14":{"start":{"line":30,"column":0},"end":{"line":34,"column":3}},"15":{"start":{"line":31,"column":2},"end":{"line":33,"column":5}},"16":{"start":{"line":36,"column":0},"end":{"line":36,"column":19}}},"fnMap":{"0":{"name":"(anonymous_1)","decl":{"start":{"line":22,"column":8},"end":{"line":22,"column":11}},"loc":{"start":{"line":22,"column":13},"end":{"line":24,"column":3}}},"1":{"name":"(anonymous_2)","decl":{"start":{"line":25,"column":9},"end":{"line":25,"column":10}},"loc":{"start":{"line":25,"column":24},"end":{"line":27,"column":3}}},"2":{"name":"(anonymous_3)","decl":{"start":{"line":30,"column":8},"end":{"line":30,"column":9}},"loc":{"start":{"line":30,"column":94},"end":{"line":34,"column":1}}}},"branchMap":{"0":{"loc":{"start":{"line":31,"column":13},"end":{"line":31,"column":30}},"type":"binary-expr","locations":[{"start":{"line":31,"column":13},"end":{"line":31,"column":23}},{"start":{"line":31,"column":27},"end":{"line":31,"column":30}}]},"1":{"loc":{"start":{"line":32,"column":13},"end":{"line":32,"column":46}},"type":"binary-expr","locations":[{"start":{"line":32,"column":13},"end":{"line":32,"column":24}},{"start":{"line":32,"column":28},"end":{"line":32,"column":46}}]}},"s":{"0":3,"1":3,"2":3,"3":3,"4":3,"5":3,"6":3,"7":3,"8":3,"9":3,"10":3,"11":3,"12":3,"13":0,"14":3,"15":0,"16":3},"f":{"0":3,"1":0,"2":0},"b":{"0":[0,0],"1":[0,0]}}
,"C:\\Users\\estev\\Documents\\Mundo DEV\\FIAP\\Modulo 2\\tech-challenge-fase2\\src\\config\\db.ts": {"path":"C:\\Users\\estev\\Documents\\Mundo DEV\\FIAP\\Modulo 2\\tech-challenge-fase2\\src\\config\\db.ts","statementMap":{"0":{"start":{"line":1,"column":0},"end":{"line":1,"column":47}},"1":{"start":{"line":2,"column":0},"end":{"line":2,"column":28}},"2":{"start":{"line":3,"column":0},"end":{"line":3,"column":51}},"3":{"start":{"line":5,"column":0},"end":{"line":5,"column":16}},"4":{"start":{"line":7,"column":15},"end":{"line":7,"column":46}},"5":{"start":{"line":20,"column":21},"end":{"line":20,"column":67}},"6":{"start":{"line":23,"column":26},"end":{"line":23,"column":79}},"7":{"start":{"line":26,"column":28},"end":{"line":26,"column":47}},"8":{"start":{"line":29,"column":13},"end":{"line":36,"column":3}},"9":{"start":{"line":39,"column":0},"end":{"line":39,"column":25}}},"fnMap":{},"branchMap":{"0":{"loc":{"start":{"line":23,"column":26},"end":{"line":23,"column":79}},"type":"binary-expr","locations":[{"start":{"line":23,"column":26},"end":{"line":23,"column":62}},{"start":{"line":23,"column":66},"end":{"line":23,"column":79}}]},"1":{"loc":{"start":{"line":30,"column":12},"end":{"line":30,"column":58}},"type":"cond-expr","locations":[{"start":{"line":30,"column":21},"end":{"line":30,"column":38}},{"start":{"line":30,"column":41},"end":{"line":30,"column":58}}]},"2":{"loc":{"start":{"line":31,"column":12},"end":{"line":31,"column":50}},"type":"cond-expr","locations":[{"start":{"line":31,"column":21},"end":{"line":31,"column":30}},{"start":{"line":31,"column":33},"end":{"line":31,"column":50}}]},"3":{"loc":{"start":{"line":32,"column":12},"end":{"line":32,"column":50}},"type":"cond-expr","locations":[{"start":{"line":32,"column":21},"end":{"line":32,"column":30}},{"start":{"line":32,"column":33},"end":{"line":32,"column":50}}]},"4":{"loc":{"start":{"line":33,"column":8},"end":{"line":33,"column":42}},"type":"cond-expr","locations":[{"start":{"line":33,"column":17},"end":{"line":33,"column":26}},{"start":{"line":33,"column":29},"end":{"line":33,"column":42}}]},"5":{"loc":{"start":{"line":34,"column":11},"end":{"line":34,"column":47}},"type":"cond-expr","locations":[{"start":{"line":34,"column":20},"end":{"line":34,"column":28}},{"start":{"line":34,"column":31},"end":{"line":34,"column":47}}]},"6":{"loc":{"start":{"line":35,"column":11},"end":{"line":35,"column":36}},"type":"binary-expr","locations":[{"start":{"line":35,"column":11},"end":{"line":35,"column":27}},{"start":{"line":35,"column":31},"end":{"line":35,"column":36}}]}},"s":{"0":3,"1":3,"2":3,"3":3,"4":3,"5":3,"6":3,"7":3,"8":3,"9":3},"f":{},"b":{"0":[3,0],"1":[3,0],"2":[3,0],"3":[3,0],"4":[3,0],"5":[3,0],"6":[3,3]}}
,"C:\\Users\\estev\\Documents\\Mundo DEV\\FIAP\\Modulo 2\\tech-challenge-fase2\\src\\middleware\\auth.middleware.ts": {"path":"C:\\Users\\estev\\Documents\\Mundo DEV\\FIAP\\Modulo 2\\tech-challenge-fase2\\src\\middleware\\auth.middleware.ts","statementMap":{"0":{"start":{"line":1,"column":0},"end":{"line":1,"column":47}},"1":{"start":{"line":4,"column":30},"end":{"line":43,"column":1}},"2":{"start":{"line":5,"column":21},"end":{"line":5,"column":46}},"3":{"start":{"line":6,"column":16},"end":{"line":6,"column":54}},"4":{"start":{"line":9,"column":2},"end":{"line":12,"column":null}},"5":{"start":{"line":10,"column":4},"end":{"line":10,"column":39}},"6":{"start":{"line":11,"column":4},"end":{"line":11,"column":68}},"7":{"start":{"line":14,"column":2},"end":{"line":42,"column":null}},"8":{"start":{"line":16,"column":20},"end":{"line":16,"column":81}},"9":{"start":{"line":19,"column":4},"end":{"line":22,"column":null}},"10":{"start":{"line":20,"column":6},"end":{"line":20,"column":45}},"11":{"start":{"line":21,"column":6},"end":{"line":21,"column":65}},"12":{"start":{"line":25,"column":25},"end":{"line":25,"column":77}},"13":{"start":{"line":28,"column":4},"end":{"line":28,"column":28}},"14":{"start":{"line":30,"column":4},"end":{"line":30,"column":64}},"15":{"start":{"line":32,"column":4},"end":{"line":32,"column":11}},"16":{"start":{"line":35,"column":4},"end":{"line":41,"column":null}},"17":{"start":{"line":36,"column":6},"end":{"line":36,"column":63}},"18":{"start":{"line":37,"column":6},"end":{"line":37,"column":65}},"19":{"start":{"line":39,"column":6},"end":{"line":39,"column":68}},"20":{"start":{"line":40,"column":6},"end":{"line":40,"column":68}},"21":{"start":{"line":4,"column":13},"end":{"line":4,"column":30}}},"fnMap":{"0":{"name":"(anonymous_1)","decl":{"start":{"line":4,"column":30},"end":{"line":4,"column":31}},"loc":{"start":{"line":4,"column":82},"end":{"line":43,"column":1}}}},"branchMap":{"0":{"loc":{"start":{"line":6,"column":16},"end":{"line":6,"column":54}},"type":"binary-expr","locations":[{"start":{"line":6,"column":16},"end":{"line":6,"column":26}},{"start":{"line":6,"column":30},"end":{"line":6,"column":54}}]},"1":{"loc":{"start":{"line":9,"column":2},"end":{"line":12,"column":null}},"type":"if","locations":[{"start":{"line":9,"column":2},"end":{"line":12,"column":null}}]},"2":{"loc":{"start":{"line":16,"column":38},"end":{"line":16,"column":80}},"type":"binary-expr","locations":[{"start":{"line":16,"column":38},"end":{"line":16,"column":60}},{"start":{"line":16,"column":64},"end":{"line":16,"column":80}}]},"3":{"loc":{"start":{"line":19,"column":4},"end":{"line":22,"column":null}},"type":"if","locations":[{"start":{"line":19,"column":4},"end":{"line":22,"column":null}}]},"4":{"loc":{"start":{"line":35,"column":4},"end":{"line":41,"column":null}},"type":"if","locations":[{"start":{"line":35,"column":4},"end":{"line":41,"column":null}},{"start":{"line":38,"column":11},"end":{"line":41,"column":null}}]}},"s":{"0":3,"1":3,"2":14,"3":14,"4":14,"5":1,"6":1,"7":13,"8":13,"9":12,"10":0,"11":0,"12":12,"13":12,"14":12,"15":12,"16":1,"17":1,"18":1,"19":0,"20":0,"21":3},"f":{"0":14},"b":{"0":[14,13],"1":[1],"2":[13,0],"3":[0],"4":[1,0]}}
,"C:\\Users\\estev\\Documents\\Mundo DEV\\FIAP\\Modulo 2\\tech-challenge-fase2\\src\\models\\post.model.ts": {"path":"C:\\Users\\estev\\Documents\\Mundo DEV\\FIAP\\Modulo 2\\tech-challenge-fase2\\src\\models\\post.model.ts","statementMap":{"0":{"start":{"line":1,"column":0},"end":{"line":1,"column":55}},"1":{"start":{"line":2,"column":0},"end":{"line":2,"column":41}},"2":{"start":{"line":3,"column":0},"end":{"line":3,"column":32}},"3":{"start":{"line":20,"column":0},"end":{"line":20,"column":null}},"4":{"start":{"line":21,"column":2},"end":{"line":21,"column":null}},"5":{"start":{"line":22,"column":2},"end":{"line":22,"column":null}},"6":{"start":{"line":23,"column":2},"end":{"line":23,"column":null}},"7":{"start":{"line":24,"column":2},"end":{"line":24,"column":null}},"8":{"start":{"line":42,"column":0},"end":{"line":84,"column":3}},"9":{"start":{"line":77,"column":6},"end":{"line":77,"column":36}},"10":{"start":{"line":78,"column":6},"end":{"line":78,"column":35}},"11":{"start":{"line":81,"column":6},"end":{"line":81,"column":35}},"12":{"start":{"line":87,"column":0},"end":{"line":87,"column":62}},"13":{"start":{"line":88,"column":0},"end":{"line":88,"column":58}},"14":{"start":{"line":91,"column":0},"end":{"line":91,"column":20}}},"fnMap":{"0":{"name":"(anonymous_1)","decl":{"start":{"line":20,"column":0},"end":{"line":20,"column":5}},"loc":{"start":{"line":20,"column":10},"end":{"line":25,"column":1}}},"1":{"name":"(anonymous_2)","decl":{"start":{"line":76,"column":18},"end":{"line":76,"column":19}},"loc":{"start":{"line":76,"column":44},"end":{"line":79,"column":5}}},"2":{"name":"(anonymous_3)","decl":{"start":{"line":80,"column":18},"end":{"line":80,"column":19}},"loc":{"start":{"line":80,"column":44},"end":{"line":82,"column":5}}}},"branchMap":{"0":{"loc":{"start":{"line":20,"column":5},"end":{"line":20,"column":null}},"type":"binary-expr","locations":[{"start":{"line":20,"column":5},"end":{"line":20,"column":10}},{"start":{"line":20,"column":5},"end":{"line":20,"column":null}}]}},"s":{"0":3,"1":3,"2":3,"3":3,"4":3,"5":3,"6":3,"7":3,"8":3,"9":3,"10":3,"11":1,"12":3,"13":3,"14":3},"f":{"0":3,"1":3,"2":1},"b":{"0":[3,3]}}
,"C:\\Users\\estev\\Documents\\Mundo DEV\\FIAP\\Modulo 2\\tech-challenge-fase2\\src\\models\\user.model.ts": {"path":"C:\\Users\\estev\\Documents\\Mundo DEV\\FIAP\\Modulo 2\\tech-challenge-fase2\\src\\models\\user.model.ts","statementMap":{"0":{"start":{"line":1,"column":0},"end":{"line":1,"column":45}},"1":{"start":{"line":2,"column":0},"end":{"line":2,"column":41}},"2":{"start":{"line":35,"column":0},"end":{"line":85,"column":2}},"3":{"start":{"line":87,"column":0},"end":{"line":87,"column":null}},"4":{"start":{"line":88,"column":2},"end":{"line":88,"column":null}},"5":{"start":{"line":89,"column":2},"end":{"line":89,"column":null}},"6":{"start":{"line":92,"column":0},"end":{"line":92,"column":20}}},"fnMap":{"0":{"name":"(anonymous_0)","decl":{"start":{"line":87,"column":0},"end":{"line":87,"column":12}},"loc":{"start":{"line":87,"column":16},"end":{"line":90,"column":1}}}},"branchMap":{"0":{"loc":{"start":{"line":87,"column":12},"end":{"line":87,"column":null}},"type":"binary-expr","locations":[{"start":{"line":87,"column":12},"end":{"line":87,"column":16}},{"start":{"line":87,"column":12},"end":{"line":87,"column":null}}]}},"s":{"0":3,"1":3,"2":3,"3":3,"4":3,"5":3,"6":3},"f":{"0":3},"b":{"0":[3,3]}}
,"C:\\Users\\estev\\Documents\\Mundo DEV\\FIAP\\Modulo 2\\tech-challenge-fase2\\src\\routes\\post.routes.ts": {"path":"C:\\Users\\estev\\Documents\\Mundo DEV\\FIAP\\Modulo 2\\tech-challenge-fase2\\src\\routes\\post.routes.ts","statementMap":{"0":{"start":{"line":1,"column":0},"end":{"line":1,"column":61}},"1":{"start":{"line":2,"column":0},"end":{"line":2,"column":40}},"2":{"start":{"line":3,"column":0},"end":{"line":3,"column":40}},"3":{"start":{"line":4,"column":0},"end":{"line":4,"column":31}},"4":{"start":{"line":5,"column":0},"end":{"line":5,"column":63}},"5":{"start":{"line":6,"column":0},"end":{"line":6,"column":44}},"6":{"start":{"line":8,"column":15},"end":{"line":8,"column":23}},"7":{"start":{"line":11,"column":20},"end":{"line":17,"column":1}},"8":{"start":{"line":12,"column":2},"end":{"line":15,"column":null}},"9":{"start":{"line":13,"column":4},"end":{"line":13,"column":58}},"10":{"start":{"line":14,"column":4},"end":{"line":14,"column":111}},"11":{"start":{"line":16,"column":2},"end":{"line":16,"column":9}},"12":{"start":{"line":20,"column":0},"end":{"line":48,"column":3}},"13":{"start":{"line":20,"column":90},"end":{"line":48,"column":2}},"14":{"start":{"line":21,"column":2},"end":{"line":47,"column":null}},"15":{"start":{"line":22,"column":44},"end":{"line":22,"column":52}},"16":{"start":{"line":23,"column":19},"end":{"line":23,"column":31}},"17":{"start":{"line":25,"column":4},"end":{"line":27,"column":null}},"18":{"start":{"line":26,"column":6},"end":{"line":26,"column":75}},"19":{"start":{"line":30,"column":17},"end":{"line":35,"column":6}},"20":{"start":{"line":38,"column":4},"end":{"line":38,"column":31}},"21":{"start":{"line":39,"column":4},"end":{"line":39,"column":11}},"22":{"start":{"line":41,"column":4},"end":{"line":46,"column":null}},"23":{"start":{"line":42,"column":6},"end":{"line":42,"column":52}},"24":{"start":{"line":43,"column":6},"end":{"line":43,"column":79}},"25":{"start":{"line":45,"column":6},"end":{"line":45,"column":85}},"26":{"start":{"line":51,"column":0},"end":{"line":76,"column":3}},"27":{"start":{"line":51,"column":91},"end":{"line":76,"column":2}},"28":{"start":{"line":52,"column":2},"end":{"line":75,"column":null}},"29":{"start":{"line":53,"column":19},"end":{"line":53,"column":29}},"30":{"start":{"line":54,"column":44},"end":{"line":54,"column":52}},"31":{"start":{"line":55,"column":19},"end":{"line":55,"column":30}},"32":{"start":{"line":58,"column":17},"end":{"line":58,"column":62}},"33":{"start":{"line":59,"column":4},"end":{"line":62,"column":null}},"34":{"start":{"line":60,"column":6},"end":{"line":60,"column":70}},"35":{"start":{"line":61,"column":6},"end":{"line":61,"column":111}},"36":{"start":{"line":65,"column":4},"end":{"line":65,"column":37}},"37":{"start":{"line":66,"column":4},"end":{"line":66,"column":55}},"38":{"start":{"line":67,"column":4},"end":{"line":67,"column":43}},"39":{"start":{"line":68,"column":4},"end":{"line":68,"column":22}},"40":{"start":{"line":70,"column":4},"end":{"line":70,"column":51}},"41":{"start":{"line":71,"column":4},"end":{"line":71,"column":38}},"42":{"start":{"line":73,"column":4},"end":{"line":73,"column":51}},"43":{"start":{"line":74,"column":4},"end":{"line":74,"column":78}},"44":{"start":{"line":79,"column":0},"end":{"line":95,"column":3}},"45":{"start":{"line":79,"column":70},"end":{"line":95,"column":2}},"46":{"start":{"line":80,"column":2},"end":{"line":94,"column":null}},"47":{"start":{"line":81,"column":18},"end":{"line":87,"column":6}},"48":{"start":{"line":89,"column":4},"end":{"line":89,"column":45}},"49":{"start":{"line":90,"column":4},"end":{"line":90,"column":39}},"50":{"start":{"line":92,"column":4},"end":{"line":92,"column":53}},"51":{"start":{"line":93,"column":4},"end":{"line":93,"column":80}},"52":{"start":{"line":98,"column":0},"end":{"line":118,"column":3}},"53":{"start":{"line":98,"column":73},"end":{"line":118,"column":2}},"54":{"start":{"line":99,"column":17},"end":{"line":99,"column":27}},"55":{"start":{"line":101,"column":2},"end":{"line":117,"column":null}},"56":{"start":{"line":102,"column":17},"end":{"line":105,"column":6}},"57":{"start":{"line":107,"column":4},"end":{"line":110,"column":null}},"58":{"start":{"line":108,"column":6},"end":{"line":108,"column":45}},"59":{"start":{"line":109,"column":6},"end":{"line":109,"column":75}},"60":{"start":{"line":112,"column":4},"end":{"line":112,"column":46}},"61":{"start":{"line":113,"column":4},"end":{"line":113,"column":38}},"62":{"start":{"line":115,"column":4},"end":{"line":115,"column":55}},"63":{"start":{"line":116,"column":4},"end":{"line":116,"column":82}},"64":{"start":{"line":121,"column":0},"end":{"line":141,"column":3}},"65":{"start":{"line":121,"column":83},"end":{"line":141,"column":2}},"66":{"start":{"line":122,"column":20},"end":{"line":122,"column":30}},"67":{"start":{"line":124,"column":2},"end":{"line":140,"column":null}},"68":{"start":{"line":125,"column":18},"end":{"line":128,"column":6}},"69":{"start":{"line":130,"column":4},"end":{"line":133,"column":null}},"70":{"start":{"line":131,"column":6},"end":{"line":131,"column":65}},"71":{"start":{"line":132,"column":6},"end":{"line":132,"column":95}},"72":{"start":{"line":135,"column":4},"end":{"line":135,"column":49}},"73":{"start":{"line":136,"column":4},"end":{"line":136,"column":39}},"74":{"start":{"line":138,"column":4},"end":{"line":138,"column":57}},"75":{"start":{"line":139,"column":4},"end":{"line":139,"column":84}},"76":{"start":{"line":144,"column":0},"end":{"line":162,"column":3}},"77":{"start":{"line":144,"column":96},"end":{"line":162,"column":2}},"78":{"start":{"line":145,"column":17},"end":{"line":145,"column":27}},"79":{"start":{"line":146,"column":17},"end":{"line":146,"column":28}},"80":{"start":{"line":148,"column":2},"end":{"line":161,"column":null}},"81":{"start":{"line":149,"column":17},"end":{"line":149,"column":62}},"82":{"start":{"line":150,"column":4},"end":{"line":153,"column":null}},"83":{"start":{"line":151,"column":6},"end":{"line":151,"column":72}},"84":{"start":{"line":152,"column":6},"end":{"line":152,"column":112}},"85":{"start":{"line":155,"column":4},"end":{"line":155,"column":25}},"86":{"start":{"line":156,"column":4},"end":{"line":156,"column":45}},"87":{"start":{"line":157,"column":4},"end":{"line":157,"column":79}},"88":{"start":{"line":159,"column":4},"end":{"line":159,"column":56}},"89":{"start":{"line":160,"column":4},"end":{"line":160,"column":83}},"90":{"start":{"line":164,"column":0},"end":{"line":164,"column":22}}},"fnMap":{"0":{"name":"(anonymous_8)","decl":{"start":{"line":11,"column":20},"end":{"line":11,"column":21}},"loc":{"start":{"line":11,"column":68},"end":{"line":17,"column":1}}},"1":{"name":"(anonymous_9)","decl":{"start":{"line":20,"column":52},"end":{"line":20,"column":59}},"loc":{"start":{"line":20,"column":90},"end":{"line":48,"column":2}}},"2":{"name":"(anonymous_10)","decl":{"start":{"line":20,"column":90},"end":{"line":20,"column":null}},"loc":{"start":{"line":20,"column":90},"end":{"line":48,"column":1}}},"3":{"name":"(anonymous_11)","decl":{"start":{"line":51,"column":53},"end":{"line":51,"column":60}},"loc":{"start":{"line":51,"column":91},"end":{"line":76,"column":2}}},"4":{"name":"(anonymous_12)","decl":{"start":{"line":51,"column":91},"end":{"line":51,"column":null}},"loc":{"start":{"line":51,"column":91},"end":{"line":76,"column":1}}},"5":{"name":"(anonymous_13)","decl":{"start":{"line":79,"column":32},"end":{"line":79,"column":39}},"loc":{"start":{"line":79,"column":70},"end":{"line":95,"column":2}}},"6":{"name":"(anonymous_14)","decl":{"start":{"line":79,"column":70},"end":{"line":79,"column":null}},"loc":{"start":{"line":79,"column":70},"end":{"line":95,"column":1}}},"7":{"name":"(anonymous_15)","decl":{"start":{"line":98,"column":35},"end":{"line":98,"column":42}},"loc":{"start":{"line":98,"column":73},"end":{"line":118,"column":2}}},"8":{"name":"(anonymous_16)","decl":{"start":{"line":98,"column":73},"end":{"line":98,"column":null}},"loc":{"start":{"line":98,"column":73},"end":{"line":118,"column":1}}},"9":{"name":"(anonymous_17)","decl":{"start":{"line":121,"column":45},"end":{"line":121,"column":52}},"loc":{"start":{"line":121,"column":83},"end":{"line":141,"column":2}}},"10":{"name":"(anonymous_18)","decl":{"start":{"line":121,"column":83},"end":{"line":121,"column":null}},"loc":{"start":{"line":121,"column":83},"end":{"line":141,"column":1}}},"11":{"name":"(anonymous_19)","decl":{"start":{"line":144,"column":58},"end":{"line":144,"column":65}},"loc":{"start":{"line":144,"column":96},"end":{"line":162,"column":2}}},"12":{"name":"(anonymous_20)","decl":{"start":{"line":144,"column":96},"end":{"line":144,"column":null}},"loc":{"start":{"line":144,"column":96},"end":{"line":162,"column":1}}}},"branchMap":{"0":{"loc":{"start":{"line":12,"column":2},"end":{"line":15,"column":null}},"type":"if","locations":[{"start":{"line":12,"column":2},"end":{"line":15,"column":null}}]},"1":{"loc":{"start":{"line":12,"column":6},"end":{"line":12,"column":51}},"type":"binary-expr","locations":[{"start":{"line":12,"column":6},"end":{"line":12,"column":15}},{"start":{"line":12,"column":19},"end":{"line":12,"column":51}}]},"2":{"loc":{"start":{"line":23,"column":19},"end":{"line":23,"column":31}},"type":"cond-expr","locations":[{"start":{"line":23,"column":27},"end":{"line":23,"column":29}},{"start":{"line":23,"column":27},"end":{"line":23,"column":31}}]},"3":{"loc":{"start":{"line":23,"column":19},"end":{"line":23,"column":29}},"type":"binary-expr","locations":[{"start":{"line":23,"column":19},"end":{"line":23,"column":29}},{"start":{"line":23,"column":27},"end":{"line":23,"column":29}}]},"4":{"loc":{"start":{"line":25,"column":4},"end":{"line":27,"column":null}},"type":"if","locations":[{"start":{"line":25,"column":4},"end":{"line":27,"column":null}}]},"5":{"loc":{"start":{"line":41,"column":4},"end":{"line":46,"column":null}},"type":"if","locations":[{"start":{"line":41,"column":4},"end":{"line":46,"column":null}},{"start":{"line":44,"column":11},"end":{"line":46,"column":null}}]},"6":{"loc":{"start":{"line":59,"column":4},"end":{"line":62,"column":null}},"type":"if","locations":[{"start":{"line":59,"column":4},"end":{"line":62,"column":null}}]},"7":{"loc":{"start":{"line":65,"column":17},"end":{"line":65,"column":36}},"type":"binary-expr","locations":[{"start":{"line":65,"column":17},"end":{"line":65,"column":22}},{"start":{"line":65,"column":26},"end":{"line":65,"column":36}}]},"8":{"loc":{"start":{"line":66,"column":23},"end":{"line":66,"column":54}},"type":"binary-expr","locations":[{"start":{"line":66,"column":23},"end":{"line":66,"column":34}},{"start":{"line":66,"column":38},"end":{"line":66,"column":54}}]},"9":{"loc":{"start":{"line":67,"column":19},"end":{"line":67,"column":42}},"type":"binary-expr","locations":[{"start":{"line":67,"column":19},"end":{"line":67,"column":26}},{"start":{"line":67,"column":30},"end":{"line":67,"column":42}}]},"10":{"loc":{"start":{"line":107,"column":4},"end":{"line":110,"column":null}},"type":"if","locations":[{"start":{"line":107,"column":4},"end":{"line":110,"column":null}}]},"11":{"loc":{"start":{"line":130,"column":4},"end":{"line":133,"column":null}},"type":"if","locations":[{"start":{"line":130,"column":4},"end":{"line":133,"column":null}}]},"12":{"loc":{"start":{"line":150,"column":4},"end":{"line":153,"column":null}},"type":"if","locations":[{"start":{"line":150,"column":4},"end":{"line":153,"column":null}}]}},"s":{"0":3,"1":3,"2":3,"3":3,"4":3,"5":3,"6":3,"7":3,"8":5,"9":0,"10":0,"11":5,"12":3,"13":3,"14":3,"15":3,"16":3,"17":3,"18":0,"19":3,"20":3,"21":3,"22":0,"23":0,"24":0,"25":0,"26":3,"27":1,"28":1,"29":1,"30":1,"31":1,"32":1,"33":1,"34":0,"35":0,"36":1,"37":1,"38":1,"39":1,"40":1,"41":1,"42":0,"43":0,"44":3,"45":2,"46":2,"47":2,"48":2,"49":2,"50":0,"51":0,"52":3,"53":1,"54":1,"55":1,"56":1,"57":1,"58":0,"59":0,"60":1,"61":1,"62":0,"63":0,"64":3,"65":1,"66":1,"67":1,"68":1,"69":1,"70":0,"71":0,"72":1,"73":1,"74":0,"75":0,"76":3,"77":1,"78":1,"79":1,"80":1,"81":1,"82":1,"83":0,"84":0,"85":1,"86":1,"87":1,"88":0,"89":0,"90":3},"f":{"0":5,"1":3,"2":3,"3":1,"4":1,"5":2,"6":2,"7":1,"8":1,"9":1,"10":1,"11":1,"12":1},"b":{"0":[0],"1":[5,5],"2":[0,3],"3":[3,3],"4":[0],"5":[0,0],"6":[0],"7":[1,0],"8":[1,0],"9":[1,1],"10":[0],"11":[0],"12":[0]}}
,"C:\\Users\\estev\\Documents\\Mundo DEV\\FIAP\\Modulo 2\\tech-challenge-fase2\\src\\routes\\user.routes.ts": {"path":"C:\\Users\\estev\\Documents\\Mundo DEV\\FIAP\\Modulo 2\\tech-challenge-fase2\\src\\routes\\user.routes.ts","statementMap":{"0":{"start":{"line":1,"column":0},"end":{"line":1,"column":52}},"1":{"start":{"line":2,"column":0},"end":{"line":2,"column":30}},"2":{"start":{"line":3,"column":0},"end":{"line":3,"column":31}},"3":{"start":{"line":4,"column":0},"end":{"line":4,"column":40}},"4":{"start":{"line":5,"column":0},"end":{"line":5,"column":63}},"5":{"start":{"line":7,"column":15},"end":{"line":7,"column":23}},"6":{"start":{"line":10,"column":0},"end":{"line":44,"column":3}},"7":{"start":{"line":10,"column":63},"end":{"line":44,"column":2}},"8":{"start":{"line":11,"column":65},"end":{"line":11,"column":73}},"9":{"start":{"line":13,"column":2},"end":{"line":15,"column":null}},"10":{"start":{"line":14,"column":4},"end":{"line":14,"column":77}},"11":{"start":{"line":16,"column":2},"end":{"line":16,"column":44}},"12":{"start":{"line":17,"column":2},"end":{"line":43,"column":null}},"13":{"start":{"line":18,"column":15},"end":{"line":18,"column":55}},"14":{"start":{"line":19,"column":4},"end":{"line":21,"column":null}},"15":{"start":{"line":20,"column":6},"end":{"line":20,"column":73}},"16":{"start":{"line":23,"column":4},"end":{"line":30,"column":7}},"17":{"start":{"line":32,"column":18},"end":{"line":35,"column":null}},"18":{"start":{"line":39,"column":4},"end":{"line":39,"column":36}},"19":{"start":{"line":41,"column":4},"end":{"line":41,"column":55}},"20":{"start":{"line":42,"column":4},"end":{"line":42,"column":76}},"21":{"start":{"line":47,"column":0},"end":{"line":77,"column":3}},"22":{"start":{"line":47,"column":60},"end":{"line":77,"column":2}},"23":{"start":{"line":48,"column":30},"end":{"line":48,"column":38}},"24":{"start":{"line":50,"column":2},"end":{"line":52,"column":null}},"25":{"start":{"line":51,"column":4},"end":{"line":51,"column":77}},"26":{"start":{"line":54,"column":2},"end":{"line":76,"column":null}},"27":{"start":{"line":55,"column":17},"end":{"line":55,"column":57}},"28":{"start":{"line":56,"column":4},"end":{"line":58,"column":null}},"29":{"start":{"line":57,"column":6},"end":{"line":57,"column":73}},"30":{"start":{"line":60,"column":20},"end":{"line":60,"column":65}},"31":{"start":{"line":61,"column":4},"end":{"line":63,"column":null}},"32":{"start":{"line":62,"column":6},"end":{"line":62,"column":73}},"33":{"start":{"line":65,"column":18},"end":{"line":68,"column":null}},"34":{"start":{"line":72,"column":4},"end":{"line":72,"column":36}},"35":{"start":{"line":74,"column":4},"end":{"line":74,"column":49}},"36":{"start":{"line":75,"column":4},"end":{"line":75,"column":68}},"37":{"start":{"line":80,"column":0},"end":{"line":87,"column":3}},"38":{"start":{"line":80,"column":70},"end":{"line":87,"column":2}},"39":{"start":{"line":81,"column":2},"end":{"line":86,"column":null}},"40":{"start":{"line":82,"column":18},"end":{"line":82,"column":38}},"41":{"start":{"line":83,"column":4},"end":{"line":83,"column":32}},"42":{"start":{"line":85,"column":4},"end":{"line":85,"column":72}},"43":{"start":{"line":90,"column":0},"end":{"line":102,"column":3}},"44":{"start":{"line":90,"column":73},"end":{"line":102,"column":2}},"45":{"start":{"line":91,"column":17},"end":{"line":91,"column":27}},"46":{"start":{"line":93,"column":2},"end":{"line":101,"column":null}},"47":{"start":{"line":94,"column":17},"end":{"line":94,"column":54}},"48":{"start":{"line":95,"column":4},"end":{"line":97,"column":null}},"49":{"start":{"line":96,"column":6},"end":{"line":96,"column":74}},"50":{"start":{"line":98,"column":4},"end":{"line":98,"column":31}},"51":{"start":{"line":100,"column":4},"end":{"line":100,"column":73}},"52":{"start":{"line":105,"column":0},"end":{"line":127,"column":3}},"53":{"start":{"line":105,"column":73},"end":{"line":127,"column":2}},"54":{"start":{"line":106,"column":17},"end":{"line":106,"column":27}},"55":{"start":{"line":107,"column":66},"end":{"line":107,"column":74}},"56":{"start":{"line":109,"column":2},"end":{"line":126,"column":null}},"57":{"start":{"line":110,"column":15},"end":{"line":110,"column":52}},"58":{"start":{"line":111,"column":4},"end":{"line":113,"column":null}},"59":{"start":{"line":112,"column":6},"end":{"line":112,"column":74}},"60":{"start":{"line":115,"column":4},"end":{"line":115,"column":34}},"61":{"start":{"line":116,"column":4},"end":{"line":116,"column":46}},"62":{"start":{"line":117,"column":4},"end":{"line":117,"column":37}},"63":{"start":{"line":118,"column":4},"end":{"line":118,"column":55}},"64":{"start":{"line":119,"column":4},"end":{"line":119,"column":74}},"65":{"start":{"line":120,"column":4},"end":{"line":120,"column":34}},"66":{"start":{"line":122,"column":4},"end":{"line":122,"column":22}},"67":{"start":{"line":123,"column":4},"end":{"line":123,"column":31}},"68":{"start":{"line":125,"column":4},"end":{"line":125,"column":76}},"69":{"start":{"line":130,"column":0},"end":{"line":144,"column":3}},"70":{"start":{"line":130,"column":76},"end":{"line":144,"column":2}},"71":{"start":{"line":131,"column":17},"end":{"line":131,"column":27}},"72":{"start":{"line":133,"column":2},"end":{"line":143,"column":null}},"73":{"start":{"line":134,"column":17},"end":{"line":134,"column":54}},"74":{"start":{"line":135,"column":4},"end":{"line":137,"column":null}},"75":{"start":{"line":136,"column":6},"end":{"line":136,"column":74}},"76":{"start":{"line":139,"column":4},"end":{"line":139,"column":25}},"77":{"start":{"line":140,"column":4},"end":{"line":140,"column":71}},"78":{"start":{"line":142,"column":4},"end":{"line":142,"column":74}},"79":{"start":{"line":146,"column":0},"end":{"line":146,"column":22}}},"fnMap":{"0":{"name":"(anonymous_8)","decl":{"start":{"line":10,"column":25},"end":{"line":10,"column":32}},"loc":{"start":{"line":10,"column":63},"end":{"line":44,"column":2}}},"1":{"name":"(anonymous_9)","decl":{"start":{"line":10,"column":63},"end":{"line":10,"column":null}},"loc":{"start":{"line":10,"column":63},"end":{"line":44,"column":1}}},"2":{"name":"(anonymous_10)","decl":{"start":{"line":47,"column":22},"end":{"line":47,"column":29}},"loc":{"start":{"line":47,"column":60},"end":{"line":77,"column":2}}},"3":{"name":"(anonymous_11)","decl":{"start":{"line":47,"column":60},"end":{"line":47,"column":null}},"loc":{"start":{"line":47,"column":60},"end":{"line":77,"column":1}}},"4":{"name":"(anonymous_12)","decl":{"start":{"line":80,"column":32},"end":{"line":80,"column":39}},"loc":{"start":{"line":80,"column":70},"end":{"line":87,"column":2}}},"5":{"name":"(anonymous_13)","decl":{"start":{"line":80,"column":70},"end":{"line":80,"column":null}},"loc":{"start":{"line":80,"column":70},"end":{"line":87,"column":1}}},"6":{"name":"(anonymous_14)","decl":{"start":{"line":90,"column":35},"end":{"line":90,"column":42}},"loc":{"start":{"line":90,"column":73},"end":{"line":102,"column":2}}},"7":{"name":"(anonymous_15)","decl":{"start":{"line":90,"column":73},"end":{"line":90,"column":null}},"loc":{"start":{"line":90,"column":73},"end":{"line":102,"column":1}}},"8":{"name":"(anonymous_16)","decl":{"start":{"line":105,"column":35},"end":{"line":105,"column":42}},"loc":{"start":{"line":105,"column":73},"end":{"line":127,"column":2}}},"9":{"name":"(anonymous_17)","decl":{"start":{"line":105,"column":73},"end":{"line":105,"column":null}},"loc":{"start":{"line":105,"column":73},"end":{"line":127,"column":1}}},"10":{"name":"(anonymous_18)","decl":{"start":{"line":130,"column":38},"end":{"line":130,"column":45}},"loc":{"start":{"line":130,"column":76},"end":{"line":144,"column":2}}},"11":{"name":"(anonymous_19)","decl":{"start":{"line":130,"column":76},"end":{"line":130,"column":null}},"loc":{"start":{"line":130,"column":76},"end":{"line":144,"column":1}}}},"branchMap":{"0":{"loc":{"start":{"line":13,"column":2},"end":{"line":15,"column":null}},"type":"if","locations":[{"start":{"line":13,"column":2},"end":{"line":15,"column":null}}]},"1":{"loc":{"start":{"line":13,"column":6},"end":{"line":13,"column":56}},"type":"binary-expr","locations":[{"start":{"line":13,"column":6},"end":{"line":13,"column":11}},{"start":{"line":13,"column":15},"end":{"line":13,"column":24}},{"start":{"line":13,"column":28},"end":{"line":13,"column":37}},{"start":{"line":13,"column":41},"end":{"line":13,"column":47}},{"start":{"line":13,"column":51},"end":{"line":13,"column":56}}]},"2":{"loc":{"start":{"line":19,"column":4},"end":{"line":21,"column":null}},"type":"if","locations":[{"start":{"line":19,"column":4},"end":{"line":21,"column":null}}]},"3":{"loc":{"start":{"line":34,"column":6},"end":{"line":34,"column":43}},"type":"binary-expr","locations":[{"start":{"line":34,"column":6},"end":{"line":34,"column":28}},{"start":{"line":34,"column":32},"end":{"line":34,"column":43}}]},"4":{"loc":{"start":{"line":50,"column":2},"end":{"line":52,"column":null}},"type":"if","locations":[{"start":{"line":50,"column":2},"end":{"line":52,"column":null}}]},"5":{"loc":{"start":{"line":50,"column":6},"end":{"line":50,"column":25}},"type":"binary-expr","locations":[{"start":{"line":50,"column":6},"end":{"line":50,"column":12}},{"start":{"line":50,"column":16},"end":{"line":50,"column":25}}]},"6":{"loc":{"start":{"line":56,"column":4},"end":{"line":58,"column":null}},"type":"if","locations":[{"start":{"line":56,"column":4},"end":{"line":58,"column":null}}]},"7":{"loc":{"start":{"line":61,"column":4},"end":{"line":63,"column":null}},"type":"if","locations":[{"start":{"line":61,"column":4},"end":{"line":63,"column":null}}]},"8":{"loc":{"start":{"line":67,"column":6},"end":{"line":67,"column":43}},"type":"binary-expr","locations":[{"start":{"line":67,"column":6},"end":{"line":67,"column":28}},{"start":{"line":67,"column":32},"end":{"line":67,"column":43}}]},"9":{"loc":{"start":{"line":95,"column":4},"end":{"line":97,"column":null}},"type":"if","locations":[{"start":{"line":95,"column":4},"end":{"line":97,"column":null}}]},"10":{"loc":{"start":{"line":111,"column":4},"end":{"line":113,"column":null}},"type":"if","locations":[{"start":{"line":111,"column":4},"end":{"line":113,"column":null}}]},"11":{"loc":{"start":{"line":115,"column":16},"end":{"line":115,"column":33}},"type":"binary-expr","locations":[{"start":{"line":115,"column":16},"end":{"line":115,"column":20}},{"start":{"line":115,"column":24},"end":{"line":115,"column":33}}]},"12":{"loc":{"start":{"line":116,"column":20},"end":{"line":116,"column":45}},"type":"binary-expr","locations":[{"start":{"line":116,"column":20},"end":{"line":116,"column":28}},{"start":{"line":116,"column":32},"end":{"line":116,"column":45}}]},"13":{"loc":{"start":{"line":117,"column":17},"end":{"line":117,"column":36}},"type":"binary-expr","locations":[{"start":{"line":117,"column":17},"end":{"line":117,"column":22}},{"start":{"line":117,"column":26},"end":{"line":117,"column":36}}]},"14":{"loc":{"start":{"line":118,"column":23},"end":{"line":118,"column":54}},"type":"binary-expr","locations":[{"start":{"line":118,"column":23},"end":{"line":118,"column":34}},{"start":{"line":118,"column":38},"end":{"line":118,"column":54}}]},"15":{"loc":{"start":{"line":119,"column":21},"end":{"line":119,"column":73}},"type":"cond-expr","locations":[{"start":{"line":119,"column":47},"end":{"line":119,"column":56}},{"start":{"line":119,"column":59},"end":{"line":119,"column":73}}]},"16":{"loc":{"start":{"line":120,"column":16},"end":{"line":120,"column":33}},"type":"binary-expr","locations":[{"start":{"line":120,"column":16},"end":{"line":120,"column":20}},{"start":{"line":120,"column":24},"end":{"line":120,"column":33}}]},"17":{"loc":{"start":{"line":135,"column":4},"end":{"line":137,"column":null}},"type":"if","locations":[{"start":{"line":135,"column":4},"end":{"line":137,"column":null}}]}},"s":{"0":3,"1":3,"2":3,"3":3,"4":3,"5":3,"6":3,"7":1,"8":1,"9":1,"10":0,"11":1,"12":1,"13":1,"14":1,"15":0,"16":1,"17":1,"18":1,"19":0,"20":0,"21":3,"22":1,"23":1,"24":1,"25":0,"26":1,"27":1,"28":1,"29":0,"30":1,"31":1,"32":0,"33":1,"34":1,"35":0,"36":0,"37":3,"38":1,"39":1,"40":1,"41":1,"42":0,"43":3,"44":2,"45":2,"46":2,"47":2,"48":2,"49":1,"50":1,"51":0,"52":3,"53":0,"54":0,"55":0,"56":0,"57":0,"58":0,"59":0,"60":0,"61":0,"62":0,"63":0,"64":0,"65":0,"66":0,"67":0,"68":0,"69":3,"70":0,"71":0,"72":0,"73":0,"74":0,"75":0,"76":0,"77":0,"78":0,"79":3},"f":{"0":1,"1":1,"2":1,"3":1,"4":1,"5":1,"6":2,"7":2,"8":0,"9":0,"10":0,"11":0},"b":{"0":[0],"1":[1,1,1,1,1],"2":[0],"3":[1,0],"4":[0],"5":[1,1],"6":[0],"7":[0],"8":[1,0],"9":[1],"10":[0],"11":[0,0],"12":[0,0],"13":[0,0],"14":[0,0],"15":[0,0],"16":[0,0],"17":[0]}}
}
