TN:
SF:src\app.ts
FN:22,(anonymous_1)
FN:25,(anonymous_2)
FN:30,(anonymous_3)
FNF:3
FNH:1
FNDA:3,(anonymous_1)
FNDA:0,(anonymous_2)
FNDA:0,(anonymous_3)
DA:1,3
DA:2,3
DA:3,3
DA:4,3
DA:5,3
DA:6,3
DA:10,3
DA:13,3
DA:14,3
DA:17,3
DA:18,3
DA:21,3
DA:23,3
DA:26,0
DA:30,3
DA:31,0
DA:36,3
LF:17
LH:15
BRDA:31,0,0,0
BRDA:31,0,1,0
BRDA:32,1,0,0
BRDA:32,1,1,0
BRF:4
BRH:0
end_of_record
TN:
SF:src\config\db.ts
FNF:0
FNH:0
DA:1,3
DA:2,3
DA:3,3
DA:5,3
DA:7,3
DA:20,3
DA:23,3
DA:26,3
DA:29,3
DA:39,3
LF:10
LH:10
BRDA:23,0,0,3
BRDA:23,0,1,0
BRDA:30,1,0,3
BRDA:30,1,1,0
BRDA:31,2,0,3
BRDA:31,2,1,0
BRDA:32,3,0,3
BRDA:32,3,1,0
BRDA:33,4,0,3
BRDA:33,4,1,0
BRDA:34,5,0,3
BRDA:34,5,1,0
BRDA:35,6,0,3
BRDA:35,6,1,3
BRF:14
BRH:8
end_of_record
TN:
SF:src\middleware\auth.middleware.ts
FN:4,(anonymous_1)
FNF:1
FNH:1
FNDA:14,(anonymous_1)
DA:1,3
DA:4,3
DA:5,14
DA:6,14
DA:9,14
DA:10,1
DA:11,1
DA:14,13
DA:16,13
DA:19,12
DA:20,0
DA:21,0
DA:25,12
DA:28,12
DA:30,12
DA:32,12
DA:35,1
DA:36,1
DA:37,1
DA:39,0
DA:40,0
LF:21
LH:17
BRDA:6,0,0,14
BRDA:6,0,1,13
BRDA:9,1,0,1
BRDA:16,2,0,13
BRDA:16,2,1,0
BRDA:19,3,0,0
BRDA:35,4,0,1
BRDA:35,4,1,0
BRF:8
BRH:5
end_of_record
TN:
SF:src\models\post.model.ts
FN:20,(anonymous_1)
FN:76,(anonymous_2)
FN:80,(anonymous_3)
FNF:3
FNH:3
FNDA:3,(anonymous_1)
FNDA:3,(anonymous_2)
FNDA:1,(anonymous_3)
DA:1,3
DA:2,3
DA:3,3
DA:20,3
DA:21,3
DA:22,3
DA:23,3
DA:24,3
DA:42,3
DA:77,3
DA:78,3
DA:81,1
DA:87,3
DA:88,3
DA:91,3
LF:15
LH:15
BRDA:20,0,0,3
BRDA:20,0,1,3
BRF:2
BRH:2
end_of_record
TN:
SF:src\models\user.model.ts
FN:87,(anonymous_0)
FNF:1
FNH:1
FNDA:3,(anonymous_0)
DA:1,3
DA:2,3
DA:35,3
DA:87,3
DA:88,3
DA:89,3
DA:92,3
LF:7
LH:7
BRDA:87,0,0,3
BRDA:87,0,1,3
BRF:2
BRH:2
end_of_record
TN:
SF:src\routes\post.routes.ts
FN:11,(anonymous_8)
FN:20,(anonymous_9)
FN:20,(anonymous_10)
FN:51,(anonymous_11)
FN:51,(anonymous_12)
FN:79,(anonymous_13)
FN:79,(anonymous_14)
FN:98,(anonymous_15)
FN:98,(anonymous_16)
FN:121,(anonymous_17)
FN:121,(anonymous_18)
FN:144,(anonymous_19)
FN:144,(anonymous_20)
FNF:13
FNH:13
FNDA:5,(anonymous_8)
FNDA:3,(anonymous_9)
FNDA:3,(anonymous_10)
FNDA:1,(anonymous_11)
FNDA:1,(anonymous_12)
FNDA:2,(anonymous_13)
FNDA:2,(anonymous_14)
FNDA:1,(anonymous_15)
FNDA:1,(anonymous_16)
FNDA:1,(anonymous_17)
FNDA:1,(anonymous_18)
FNDA:1,(anonymous_19)
FNDA:1,(anonymous_20)
DA:1,3
DA:2,3
DA:3,3
DA:4,3
DA:5,3
DA:6,3
DA:8,3
DA:11,3
DA:12,5
DA:13,0
DA:14,0
DA:16,5
DA:20,3
DA:21,3
DA:22,3
DA:23,3
DA:25,3
DA:26,0
DA:30,3
DA:38,3
DA:39,3
DA:41,0
DA:42,0
DA:43,0
DA:45,0
DA:51,3
DA:52,1
DA:53,1
DA:54,1
DA:55,1
DA:58,1
DA:59,1
DA:60,0
DA:61,0
DA:65,1
DA:66,1
DA:67,1
DA:68,1
DA:70,1
DA:71,1
DA:73,0
DA:74,0
DA:79,3
DA:80,2
DA:81,2
DA:89,2
DA:90,2
DA:92,0
DA:93,0
DA:98,3
DA:99,1
DA:101,1
DA:102,1
DA:107,1
DA:108,0
DA:109,0
DA:112,1
DA:113,1
DA:115,0
DA:116,0
DA:121,3
DA:122,1
DA:124,1
DA:125,1
DA:130,1
DA:131,0
DA:132,0
DA:135,1
DA:136,1
DA:138,0
DA:139,0
DA:144,3
DA:145,1
DA:146,1
DA:148,1
DA:149,1
DA:150,1
DA:151,0
DA:152,0
DA:155,1
DA:156,1
DA:157,1
DA:159,0
DA:160,0
DA:164,3
LF:85
LH:60
BRDA:12,0,0,0
BRDA:12,1,0,5
BRDA:12,1,1,5
BRDA:23,2,0,0
BRDA:23,2,1,3
BRDA:23,3,0,3
BRDA:23,3,1,3
BRDA:25,4,0,0
BRDA:41,5,0,0
BRDA:41,5,1,0
BRDA:59,6,0,0
BRDA:65,7,0,1
BRDA:65,7,1,0
BRDA:66,8,0,1
BRDA:66,8,1,0
BRDA:67,9,0,1
BRDA:67,9,1,1
BRDA:107,10,0,0
BRDA:130,11,0,0
BRDA:150,12,0,0
BRF:20
BRH:9
end_of_record
TN:
SF:src\routes\user.routes.ts
FN:10,(anonymous_8)
FN:10,(anonymous_9)
FN:47,(anonymous_10)
FN:47,(anonymous_11)
FN:80,(anonymous_12)
FN:80,(anonymous_13)
FN:90,(anonymous_14)
FN:90,(anonymous_15)
FN:105,(anonymous_16)
FN:105,(anonymous_17)
FN:130,(anonymous_18)
FN:130,(anonymous_19)
FNF:12
FNH:8
FNDA:1,(anonymous_8)
FNDA:1,(anonymous_9)
FNDA:1,(anonymous_10)
FNDA:1,(anonymous_11)
FNDA:1,(anonymous_12)
FNDA:1,(anonymous_13)
FNDA:2,(anonymous_14)
FNDA:2,(anonymous_15)
FNDA:0,(anonymous_16)
FNDA:0,(anonymous_17)
FNDA:0,(anonymous_18)
FNDA:0,(anonymous_19)
DA:1,3
DA:2,3
DA:3,3
DA:4,3
DA:5,3
DA:7,3
DA:10,3
DA:11,1
DA:13,1
DA:14,0
DA:16,1
DA:17,1
DA:18,1
DA:19,1
DA:20,0
DA:23,1
DA:32,1
DA:39,1
DA:41,0
DA:42,0
DA:47,3
DA:48,1
DA:50,1
DA:51,0
DA:54,1
DA:55,1
DA:56,1
DA:57,0
DA:60,1
DA:61,1
DA:62,0
DA:65,1
DA:72,1
DA:74,0
DA:75,0
DA:80,3
DA:81,1
DA:82,1
DA:83,1
DA:85,0
DA:90,3
DA:91,2
DA:93,2
DA:94,2
DA:95,2
DA:96,1
DA:98,1
DA:100,0
DA:105,3
DA:106,0
DA:107,0
DA:109,0
DA:110,0
DA:111,0
DA:112,0
DA:115,0
DA:116,0
DA:117,0
DA:118,0
DA:119,0
DA:120,0
DA:122,0
DA:123,0
DA:125,0
DA:130,3
DA:131,0
DA:133,0
DA:134,0
DA:135,0
DA:136,0
DA:139,0
DA:140,0
DA:142,0
DA:146,3
LF:74
LH:40
BRDA:13,0,0,0
BRDA:13,1,0,1
BRDA:13,1,1,1
BRDA:13,1,2,1
BRDA:13,1,3,1
BRDA:13,1,4,1
BRDA:19,2,0,0
BRDA:34,3,0,1
BRDA:34,3,1,0
BRDA:50,4,0,0
BRDA:50,5,0,1
BRDA:50,5,1,1
BRDA:56,6,0,0
BRDA:61,7,0,0
BRDA:67,8,0,1
BRDA:67,8,1,0
BRDA:95,9,0,1
BRDA:111,10,0,0
BRDA:115,11,0,0
BRDA:115,11,1,0
BRDA:116,12,0,0
BRDA:116,12,1,0
BRDA:117,13,0,0
BRDA:117,13,1,0
BRDA:118,14,0,0
BRDA:118,14,1,0
BRDA:119,15,0,0
BRDA:119,15,1,0
BRDA:120,16,0,0
BRDA:120,16,1,0
BRDA:135,17,0,0
BRF:31
BRH:10
end_of_record
