TN:
SF:src\app.ts
FN:18,(anonymous_1)
FN:21,(anonymous_2)
FN:25,(anonymous_3)
FNF:3
FNH:1
FNDA:3,(anonymous_1)
FNDA:0,(anonymous_2)
FNDA:0,(anonymous_3)
DA:1,3
DA:2,3
DA:3,3
DA:4,3
DA:5,3
DA:6,3
DA:9,3
DA:11,3
DA:12,3
DA:14,3
DA:15,3
DA:17,3
DA:19,3
DA:22,0
DA:25,3
DA:26,0
DA:31,3
LF:17
LH:15
BRDA:26,0,0,0
BRDA:26,0,1,0
BRDA:27,1,0,0
BRDA:27,1,1,0
BRF:4
BRH:0
end_of_record
TN:
SF:src\config\db.ts
FNF:0
FNH:0
DA:1,3
DA:2,3
DA:3,3
DA:5,3
DA:7,3
DA:8,3
DA:9,3
DA:10,3
DA:11,3
DA:13,3
DA:19,3
LF:11
LH:11
BRDA:5,0,0,3
BRDA:5,0,1,0
BRDA:7,1,0,3
BRDA:7,1,1,0
BRDA:10,2,0,3
BRDA:10,2,1,0
BRDA:11,3,0,3
BRDA:11,3,1,0
BRF:8
BRH:4
end_of_record
TN:
SF:src\middleware\auth.middleware.ts
FN:4,(anonymous_1)
FNF:1
FNH:1
FNDA:16,(anonymous_1)
DA:1,3
DA:4,3
DA:5,16
DA:6,16
DA:9,16
DA:10,1
DA:11,1
DA:14,15
DA:16,15
DA:19,14
DA:20,0
DA:21,0
DA:25,14
DA:28,14
DA:30,14
DA:32,14
DA:35,1
DA:36,1
DA:37,1
DA:39,0
DA:40,0
LF:21
LH:17
BRDA:6,0,0,16
BRDA:6,0,1,15
BRDA:9,1,0,1
BRDA:16,2,0,15
BRDA:16,2,1,0
BRDA:19,3,0,0
BRDA:35,4,0,1
BRDA:35,4,1,0
BRF:8
BRH:5
end_of_record
TN:
SF:src\models\post.model.ts
FN:20,(anonymous_1)
FN:76,(anonymous_2)
FN:80,(anonymous_3)
FNF:3
FNH:3
FNDA:3,(anonymous_1)
FNDA:5,(anonymous_2)
FNDA:1,(anonymous_3)
DA:1,3
DA:2,3
DA:3,3
DA:20,3
DA:21,3
DA:22,3
DA:23,3
DA:24,3
DA:42,3
DA:77,5
DA:78,5
DA:81,1
DA:87,3
DA:88,3
DA:91,3
LF:15
LH:15
BRDA:20,0,0,3
BRDA:20,0,1,3
BRF:2
BRH:2
end_of_record
TN:
SF:src\models\user.model.ts
FN:84,(anonymous_1)
FNF:1
FNH:1
FNDA:3,(anonymous_1)
DA:1,3
DA:2,3
DA:32,3
DA:84,3
DA:85,3
DA:86,3
DA:89,3
LF:7
LH:7
BRDA:84,0,0,3
BRDA:84,0,1,3
BRF:2
BRH:2
end_of_record
TN:
SF:src\routes\post.routes.ts
FN:11,(anonymous_8)
FN:20,(anonymous_9)
FN:20,(anonymous_10)
FN:51,(anonymous_11)
FN:51,(anonymous_12)
FN:79,(anonymous_13)
FN:79,(anonymous_14)
FN:98,(anonymous_15)
FN:98,(anonymous_16)
FN:121,(anonymous_17)
FN:121,(anonymous_18)
FN:148,(anonymous_19)
FN:148,(anonymous_20)
FNF:13
FNH:13
FNDA:7,(anonymous_8)
FNDA:5,(anonymous_9)
FNDA:5,(anonymous_10)
FNDA:1,(anonymous_11)
FNDA:1,(anonymous_12)
FNDA:2,(anonymous_13)
FNDA:2,(anonymous_14)
FNDA:1,(anonymous_15)
FNDA:1,(anonymous_16)
FNDA:1,(anonymous_17)
FNDA:1,(anonymous_18)
FNDA:1,(anonymous_19)
FNDA:1,(anonymous_20)
DA:1,3
DA:2,3
DA:3,3
DA:4,3
DA:5,3
DA:6,3
DA:8,3
DA:11,3
DA:12,7
DA:13,0
DA:14,0
DA:16,7
DA:20,5
DA:21,5
DA:22,5
DA:23,5
DA:25,5
DA:26,0
DA:30,5
DA:38,5
DA:39,5
DA:41,0
DA:42,0
DA:43,0
DA:45,0
DA:51,3
DA:52,1
DA:53,1
DA:54,1
DA:55,1
DA:58,1
DA:59,1
DA:60,0
DA:61,0
DA:65,1
DA:66,1
DA:67,1
DA:68,1
DA:70,1
DA:71,1
DA:73,0
DA:74,0
DA:79,3
DA:80,2
DA:81,2
DA:89,2
DA:90,2
DA:92,0
DA:93,0
DA:98,3
DA:99,1
DA:101,1
DA:102,1
DA:107,1
DA:108,0
DA:109,0
DA:112,1
DA:113,1
DA:115,0
DA:116,0
DA:121,3
DA:122,1
DA:124,1
DA:125,1
DA:135,1
DA:136,0
DA:137,0
DA:140,1
DA:141,1
DA:143,0
DA:144,0
DA:148,3
DA:149,1
DA:150,1
DA:152,1
DA:153,1
DA:154,1
DA:155,0
DA:156,0
DA:159,1
DA:160,1
DA:161,1
DA:163,0
DA:164,0
DA:168,3
LF:85
LH:60
BRDA:12,0,0,0
BRDA:12,1,0,7
BRDA:12,1,1,7
BRDA:23,2,0,0
BRDA:23,2,1,5
BRDA:23,3,0,5
BRDA:23,3,1,5
BRDA:25,4,0,0
BRDA:41,5,0,0
BRDA:41,5,1,0
BRDA:59,6,0,0
BRDA:65,7,0,1
BRDA:65,7,1,0
BRDA:66,8,0,1
BRDA:66,8,1,0
BRDA:67,9,0,1
BRDA:67,9,1,1
BRDA:107,10,0,0
BRDA:135,11,0,0
BRDA:154,12,0,0
BRF:20
BRH:9
end_of_record
TN:
SF:src\routes\user.routes.ts
FN:9,(anonymous_8)
FN:9,(anonymous_9)
FN:46,(anonymous_10)
FN:46,(anonymous_11)
FN:79,(anonymous_12)
FN:79,(anonymous_13)
FN:89,(anonymous_14)
FN:89,(anonymous_15)
FN:104,(anonymous_16)
FN:104,(anonymous_17)
FN:129,(anonymous_18)
FN:129,(anonymous_19)
FNF:12
FNH:8
FNDA:2,(anonymous_8)
FNDA:2,(anonymous_9)
FNDA:2,(anonymous_10)
FNDA:2,(anonymous_11)
FNDA:1,(anonymous_12)
FNDA:1,(anonymous_13)
FNDA:2,(anonymous_14)
FNDA:2,(anonymous_15)
FNDA:0,(anonymous_16)
FNDA:0,(anonymous_17)
FNDA:0,(anonymous_18)
FNDA:0,(anonymous_19)
DA:1,3
DA:2,3
DA:3,3
DA:4,3
DA:5,3
DA:7,3
DA:9,3
DA:10,2
DA:12,2
DA:13,0
DA:15,2
DA:16,2
DA:17,2
DA:18,2
DA:19,0
DA:22,2
DA:31,2
DA:38,2
DA:40,0
DA:41,0
DA:46,3
DA:47,2
DA:49,2
DA:50,0
DA:53,2
DA:54,2
DA:55,2
DA:56,0
DA:59,2
DA:60,2
DA:61,0
DA:64,2
DA:71,2
DA:73,0
DA:74,0
DA:79,3
DA:80,1
DA:81,1
DA:82,1
DA:84,0
DA:89,3
DA:90,2
DA:92,2
DA:93,2
DA:94,2
DA:95,1
DA:97,1
DA:99,0
DA:104,3
DA:105,0
DA:106,0
DA:108,0
DA:109,0
DA:110,0
DA:111,0
DA:114,0
DA:115,0
DA:116,0
DA:117,0
DA:118,0
DA:119,0
DA:121,0
DA:122,0
DA:124,0
DA:129,3
DA:130,0
DA:132,0
DA:133,0
DA:134,0
DA:135,0
DA:138,0
DA:139,0
DA:141,0
DA:145,3
LF:74
LH:40
BRDA:12,0,0,0
BRDA:12,1,0,2
BRDA:12,1,1,2
BRDA:12,1,2,2
BRDA:12,1,3,2
BRDA:12,1,4,2
BRDA:18,2,0,0
BRDA:33,3,0,2
BRDA:33,3,1,0
BRDA:49,4,0,0
BRDA:49,5,0,2
BRDA:49,5,1,2
BRDA:55,6,0,0
BRDA:60,7,0,0
BRDA:66,8,0,2
BRDA:66,8,1,0
BRDA:94,9,0,1
BRDA:110,10,0,0
BRDA:114,11,0,0
BRDA:114,11,1,0
BRDA:115,12,0,0
BRDA:115,12,1,0
BRDA:116,13,0,0
BRDA:116,13,1,0
BRDA:117,14,0,0
BRDA:117,14,1,0
BRDA:118,15,0,0
BRDA:118,15,1,0
BRDA:119,16,0,0
BRDA:119,16,1,0
BRDA:134,17,0,0
BRF:31
BRH:10
end_of_record
